#
# There is insufficient memory for the Java Runtime Environment to continue.
# Native memory allocation (malloc) failed to allocate 1321424 bytes. Error detail: Chunk::new
# Possible reasons:
#   The system is out of physical RAM or swap space
#   This process is running with CompressedOops enabled, and the Java Heap may be blocking the growth of the native heap
# Possible solutions:
#   Reduce memory load on the system
#   Increase physical memory or swap space
#   Check if swap backing store is full
#   Decrease Java heap size (-Xmx/-Xms)
#   Decrease number of Java threads
#   Decrease Java thread stack sizes (-Xss)
#   Set larger code cache with -XX:ReservedCodeCacheSize=
#   JVM is running with Unscaled Compressed Oops mode in which the Java heap is
#     placed in the first 4GB address space. The Java Heap base address is the
#     maximum limit for the native heap growth. Please use -XX:HeapBaseMinAddress
#     to set the Java Heap base and to place the Java Heap above 4GB virtual address.
# This output file may be truncated or incomplete.
#
#  Out of Memory Error (arena.cpp:168), pid=17568, tid=19644
#
# JRE version: OpenJDK Runtime Environment Temurin-21.0.7+6 (21.0.7+6) (build 21.0.7+6-LTS)
# Java VM: OpenJDK 64-Bit Server VM Temurin-21.0.7+6 (21.0.7+6-LTS, mixed mode, sharing, tiered, compressed oops, compressed class ptrs, g1 gc, windows-amd64)
# No core dump will be written. Minidumps are not enabled by default on client versions of Windows
#

---------------  S U M M A R Y ------------

Command Line: --add-opens=java.base/java.lang=ALL-UNNAMED --add-opens=java.base/java.lang.invoke=ALL-UNNAMED --add-opens=java.base/java.util=ALL-UNNAMED --add-opens=java.prefs/java.util.prefs=ALL-UNNAMED --add-exports=jdk.compiler/com.sun.tools.javac.api=ALL-UNNAMED --add-exports=jdk.compiler/com.sun.tools.javac.util=ALL-UNNAMED --add-opens=java.base/java.util=ALL-UNNAMED --add-opens=java.prefs/java.util.prefs=ALL-UNNAMED --add-opens=java.base/java.nio.charset=ALL-UNNAMED --add-opens=java.base/java.net=ALL-UNNAMED --add-opens=java.base/java.util.concurrent.atomic=ALL-UNNAMED --add-opens=java.xml/javax.xml.namespace=ALL-UNNAMED -Xmx2048m -Dfile.encoding=UTF-8 -Duser.country=PL -Duser.language=pl -Duser.variant -javaagent:C:\Users\tahir\.gradle\wrapper\dists\gradle-8.11.1-bin\bpt9gzteqjrbo1mjrsomdt32c\gradle-8.11.1\lib\agents\gradle-instrumentation-agent-8.11.1.jar org.gradle.launcher.daemon.bootstrap.GradleDaemon 8.11.1

Host: 11th Gen Intel(R) Core(TM) i5-1135G7 @ 2.40GHz, 8 cores, 7G,  Windows 11 , 64 bit Build 26100 (10.0.26100.3775)
Time: Tue Jun 17 15:50:32 2025  Windows 11 , 64 bit Build 26100 (10.0.26100.3775) elapsed time: 13.274093 seconds (0d 0h 0m 13s)

---------------  T H R E A D  ---------------

Current thread (0x000002be9c18bcb0):  JavaThread "C2 CompilerThread1" daemon [_thread_in_native, id=19644, stack(0x000000fe97200000,0x000000fe97300000) (1024K)]


Current CompileTask:
C2:13274 11027       4       org.gradle.internal.reflect.ClassInspector::inspectClass (179 bytes)

Stack: [0x000000fe97200000,0x000000fe97300000]
Native frames: (J=compiled Java code, j=interpreted, Vv=VM code, C=native code)
V  [jvm.dll+0x6ce119]
V  [jvm.dll+0x8a84a1]
V  [jvm.dll+0x8aa9ce]
V  [jvm.dll+0x8ab0b3]
V  [jvm.dll+0x27f8a6]
V  [jvm.dll+0xc507d]
V  [jvm.dll+0xc55b3]
V  [jvm.dll+0x3b692c]
V  [jvm.dll+0x382aa5]
V  [jvm.dll+0x381f0a]
V  [jvm.dll+0x247af0]
V  [jvm.dll+0x2470cf]
V  [jvm.dll+0x1c760e]
V  [jvm.dll+0x25695a]
V  [jvm.dll+0x254efa]
V  [jvm.dll+0x3f03f6]
V  [jvm.dll+0x851f6b]
V  [jvm.dll+0x6cc7dd]
C  [ucrtbase.dll+0x37b0]
C  [KERNEL32.DLL+0x2e8d7]
C  [ntdll.dll+0xb14fc]


---------------  P R O C E S S  ---------------

Threads class SMR info:
_java_thread_list=0x000002be9fecc6c0, length=58, elements={
0x000002be370307a0, 0x000002be53c99650, 0x000002be53c9c0b0, 0x000002be53c9cb00,
0x000002be53ca1570, 0x000002be53ca20f0, 0x000002be53ca4c80, 0x000002be53ca7b80,
0x000002be53ca56d0, 0x000002be53c63be0, 0x000002be99269f80, 0x000002be9ab41c70,
0x000002be9aa062b0, 0x000002be99f74770, 0x000002be9ade17e0, 0x000002be9adc3030,
0x000002be9ac536f0, 0x000002be9ac3a6f0, 0x000002be9ab94450, 0x000002be9ab87df0,
0x000002be9ab85d20, 0x000002be9ab85000, 0x000002be9ab863b0, 0x000002be9ab870d0,
0x000002be9ab86a40, 0x000002be9ab87760, 0x000002be9ab88480, 0x000002be9ab85690,
0x000002be9b767110, 0x000002be9b765d60, 0x000002be9b7656d0, 0x000002be9b7684c0,
0x000002be9b767e30, 0x000002be9b768b50, 0x000002be9dc866f0, 0x000002be9dc84620,
0x000002be9dc84cb0, 0x000002be9dc85340, 0x000002be9dc859d0, 0x000002be9dc86d80,
0x000002be9dc86060, 0x000002be9dc87410, 0x000002be9dc83f90, 0x000002be9dc88e50,
0x000002be9dc887c0, 0x000002be9dc894e0, 0x000002be9dc89b70, 0x000002be9dc88130,
0x000002be9dc8a890, 0x000002be9dc8af20, 0x000002be9dc87aa0, 0x000002be9dc8b5b0,
0x000002be9d7409c0, 0x000002be9d741d70, 0x000002be9d741050, 0x000002be9d7416e0,
0x000002be9d73f610, 0x000002be9c18bcb0
}

Java Threads: ( => current thread )
  0x000002be370307a0 JavaThread "main"                              [_thread_blocked, id=11384, stack(0x000000fe96100000,0x000000fe96200000) (1024K)]
  0x000002be53c99650 JavaThread "Reference Handler"          daemon [_thread_blocked, id=14724, stack(0x000000fe96900000,0x000000fe96a00000) (1024K)]
  0x000002be53c9c0b0 JavaThread "Finalizer"                  daemon [_thread_blocked, id=1296, stack(0x000000fe96a00000,0x000000fe96b00000) (1024K)]
  0x000002be53c9cb00 JavaThread "Signal Dispatcher"          daemon [_thread_blocked, id=3360, stack(0x000000fe96b00000,0x000000fe96c00000) (1024K)]
  0x000002be53ca1570 JavaThread "Attach Listener"            daemon [_thread_blocked, id=10344, stack(0x000000fe96c00000,0x000000fe96d00000) (1024K)]
  0x000002be53ca20f0 JavaThread "Service Thread"             daemon [_thread_blocked, id=6940, stack(0x000000fe96d00000,0x000000fe96e00000) (1024K)]
  0x000002be53ca4c80 JavaThread "Monitor Deflation Thread"   daemon [_thread_blocked, id=4020, stack(0x000000fe96e00000,0x000000fe96f00000) (1024K)]
  0x000002be53ca7b80 JavaThread "C2 CompilerThread0"         daemon [_thread_in_native, id=10932, stack(0x000000fe96f00000,0x000000fe97000000) (1024K)]
  0x000002be53ca56d0 JavaThread "C1 CompilerThread0"         daemon [_thread_blocked, id=8644, stack(0x000000fe97000000,0x000000fe97100000) (1024K)]
  0x000002be53c63be0 JavaThread "Common-Cleaner"             daemon [_thread_blocked, id=4840, stack(0x000000fe97100000,0x000000fe97200000) (1024K)]
  0x000002be99269f80 JavaThread "Notification Thread"        daemon [_thread_blocked, id=18212, stack(0x000000fe97300000,0x000000fe97400000) (1024K)]
  0x000002be9ab41c70 JavaThread "Daemon health stats"               [_thread_blocked, id=3584, stack(0x000000fe97a00000,0x000000fe97b00000) (1024K)]
  0x000002be9aa062b0 JavaThread "Incoming local TCP Connector on port 63769"        [_thread_in_native, id=16992, stack(0x000000fe97b00000,0x000000fe97c00000) (1024K)]
  0x000002be99f74770 JavaThread "Daemon periodic checks"            [_thread_blocked, id=3336, stack(0x000000fe97c00000,0x000000fe97d00000) (1024K)]
  0x000002be9ade17e0 JavaThread "Daemon"                            [_thread_blocked, id=3196, stack(0x000000fe97d00000,0x000000fe97e00000) (1024K)]
  0x000002be9adc3030 JavaThread "Handler for socket connection from /127.0.0.1:63769 to /127.0.0.1:63770"        [_thread_in_native, id=6148, stack(0x000000fe97e00000,0x000000fe97f00000) (1024K)]
  0x000002be9ac536f0 JavaThread "Cancel handler"                    [_thread_blocked, id=6340, stack(0x000000fe97f00000,0x000000fe98000000) (1024K)]
  0x000002be9ac3a6f0 JavaThread "Daemon worker"                     [_thread_in_vm, id=8052, stack(0x000000fe98000000,0x000000fe98100000) (1024K)]
  0x000002be9ab94450 JavaThread "Asynchronous log dispatcher for DefaultDaemonConnection: socket connection from /127.0.0.1:63769 to /127.0.0.1:63770"        [_thread_blocked, id=17788, stack(0x000000fe98100000,0x000000fe98200000) (1024K)]
  0x000002be9ab87df0 JavaThread "Stdin handler"                     [_thread_blocked, id=15040, stack(0x000000fe98200000,0x000000fe98300000) (1024K)]
  0x000002be9ab85d20 JavaThread "Daemon client event forwarder"        [_thread_blocked, id=5868, stack(0x000000fe98300000,0x000000fe98400000) (1024K)]
  0x000002be9ab85000 JavaThread "Cache worker for journal cache (C:\Users\tahir\.gradle\caches\journal-1)"        [_thread_blocked, id=6636, stack(0x000000fe98400000,0x000000fe98500000) (1024K)]
  0x000002be9ab863b0 JavaThread "File lock request listener"        [_thread_in_native, id=3848, stack(0x000000fe98500000,0x000000fe98600000) (1024K)]
  0x000002be9ab870d0 JavaThread "Cache worker for file hash cache (C:\Users\tahir\.gradle\caches\8.11.1\fileHashes)"        [_thread_blocked, id=12188, stack(0x000000fe98600000,0x000000fe98700000) (1024K)]
  0x000002be9ab86a40 JavaThread "Cache worker for file content cache (C:\Users\tahir\.gradle\caches\8.11.1\fileContent)"        [_thread_blocked, id=5128, stack(0x000000fe98800000,0x000000fe98900000) (1024K)]
  0x000002be9ab87760 JavaThread "Cache worker for file hash cache (C:\Users\tahir\shohroh\.gradle\8.11.1\fileHashes)"        [_thread_blocked, id=16648, stack(0x000000fe98a00000,0x000000fe98b00000) (1024K)]
  0x000002be9ab88480 JavaThread "Cache worker for Build Output Cleanup Cache (C:\Users\tahir\shohroh\.gradle\buildOutputCleanup)"        [_thread_blocked, id=13300, stack(0x000000fe98b00000,0x000000fe98c00000) (1024K)]
  0x000002be9ab85690 JavaThread "File watcher server"        daemon [_thread_in_native, id=19560, stack(0x000000fe98c00000,0x000000fe98d00000) (1024K)]
  0x000002be9b767110 JavaThread "File watcher consumer"      daemon [_thread_blocked, id=17556, stack(0x000000fe98d00000,0x000000fe98e00000) (1024K)]
  0x000002be9b765d60 JavaThread "Cache worker for checksums cache (C:\Users\tahir\shohroh\.gradle\8.11.1\checksums)"        [_thread_blocked, id=18688, stack(0x000000fe98e00000,0x000000fe98f00000) (1024K)]
  0x000002be9b7656d0 JavaThread "Cache worker for cache directory md-rule (C:\Users\tahir\.gradle\caches\8.11.1\md-rule)"        [_thread_blocked, id=4904, stack(0x000000fe98f00000,0x000000fe99000000) (1024K)]
  0x000002be9b7684c0 JavaThread "Cache worker for cache directory md-supplier (C:\Users\tahir\.gradle\caches\8.11.1\md-supplier)"        [_thread_blocked, id=17108, stack(0x000000fe99000000,0x000000fe99100000) (1024K)]
  0x000002be9b767e30 JavaThread "jar transforms"                    [_thread_blocked, id=19076, stack(0x000000fe99100000,0x000000fe99200000) (1024K)]
  0x000002be9b768b50 JavaThread "jar transforms Thread 2"           [_thread_blocked, id=2936, stack(0x000000fe99200000,0x000000fe99300000) (1024K)]
  0x000002be9dc866f0 JavaThread "Unconstrained build operations"        [_thread_blocked, id=19668, stack(0x000000fe99300000,0x000000fe99400000) (1024K)]
  0x000002be9dc84620 JavaThread "Unconstrained build operations Thread 2"        [_thread_blocked, id=7944, stack(0x000000fe99400000,0x000000fe99500000) (1024K)]
  0x000002be9dc84cb0 JavaThread "Unconstrained build operations Thread 3"        [_thread_blocked, id=19948, stack(0x000000fe99500000,0x000000fe99600000) (1024K)]
  0x000002be9dc85340 JavaThread "Unconstrained build operations Thread 4"        [_thread_blocked, id=11592, stack(0x000000fe99600000,0x000000fe99700000) (1024K)]
  0x000002be9dc859d0 JavaThread "Unconstrained build operations Thread 5"        [_thread_blocked, id=5724, stack(0x000000fe99700000,0x000000fe99800000) (1024K)]
  0x000002be9dc86d80 JavaThread "Unconstrained build operations Thread 6"        [_thread_blocked, id=17588, stack(0x000000fe99800000,0x000000fe99900000) (1024K)]
  0x000002be9dc86060 JavaThread "Unconstrained build operations Thread 7"        [_thread_blocked, id=4288, stack(0x000000fe99900000,0x000000fe99a00000) (1024K)]
  0x000002be9dc87410 JavaThread "Unconstrained build operations Thread 8"        [_thread_blocked, id=1852, stack(0x000000fe99a00000,0x000000fe99b00000) (1024K)]
  0x000002be9dc83f90 JavaThread "Unconstrained build operations Thread 9"        [_thread_blocked, id=8148, stack(0x000000fe99b00000,0x000000fe99c00000) (1024K)]
  0x000002be9dc88e50 JavaThread "Unconstrained build operations Thread 10"        [_thread_blocked, id=15044, stack(0x000000fe99c00000,0x000000fe99d00000) (1024K)]
  0x000002be9dc887c0 JavaThread "Unconstrained build operations Thread 11"        [_thread_blocked, id=4028, stack(0x000000fe99d00000,0x000000fe99e00000) (1024K)]
  0x000002be9dc894e0 JavaThread "Unconstrained build operations Thread 12"        [_thread_blocked, id=19184, stack(0x000000fe99e00000,0x000000fe99f00000) (1024K)]
  0x000002be9dc89b70 JavaThread "Unconstrained build operations Thread 13"        [_thread_blocked, id=3040, stack(0x000000fe99f00000,0x000000fe9a000000) (1024K)]
  0x000002be9dc88130 JavaThread "Unconstrained build operations Thread 14"        [_thread_blocked, id=9800, stack(0x000000fe9a000000,0x000000fe9a100000) (1024K)]
  0x000002be9dc8a890 JavaThread "Unconstrained build operations Thread 15"        [_thread_blocked, id=8508, stack(0x000000fe9a100000,0x000000fe9a200000) (1024K)]
  0x000002be9dc8af20 JavaThread "Unconstrained build operations Thread 16"        [_thread_blocked, id=1372, stack(0x000000fe9a200000,0x000000fe9a300000) (1024K)]
  0x000002be9dc87aa0 JavaThread "Unconstrained build operations Thread 17"        [_thread_blocked, id=8672, stack(0x000000fe9a300000,0x000000fe9a400000) (1024K)]
  0x000002be9dc8b5b0 JavaThread "Unconstrained build operations Thread 18"        [_thread_blocked, id=500, stack(0x000000fe9a400000,0x000000fe9a500000) (1024K)]
  0x000002be9d7409c0 JavaThread "Unconstrained build operations Thread 19"        [_thread_blocked, id=17456, stack(0x000000fe9a500000,0x000000fe9a600000) (1024K)]
  0x000002be9d741d70 JavaThread "Unconstrained build operations Thread 20"        [_thread_blocked, id=2116, stack(0x000000fe9a600000,0x000000fe9a700000) (1024K)]
  0x000002be9d741050 JavaThread "Unconstrained build operations Thread 21"        [_thread_blocked, id=1092, stack(0x000000fe9a700000,0x000000fe9a800000) (1024K)]
  0x000002be9d7416e0 JavaThread "Memory manager"                    [_thread_blocked, id=15816, stack(0x000000fe9a800000,0x000000fe9a900000) (1024K)]
  0x000002be9d73f610 JavaThread "build event listener"              [_thread_blocked, id=16612, stack(0x000000fe9a900000,0x000000fe9aa00000) (1024K)]
=>0x000002be9c18bcb0 JavaThread "C2 CompilerThread1"         daemon [_thread_in_native, id=19644, stack(0x000000fe97200000,0x000000fe97300000) (1024K)]
Total: 58

Other Threads:
  0x000002be53c7bc40 VMThread "VM Thread"                           [id=19712, stack(0x000000fe96800000,0x000000fe96900000) (1024K)]
  0x000002be53c63290 WatcherThread "VM Periodic Task Thread"        [id=16600, stack(0x000000fe96700000,0x000000fe96800000) (1024K)]
  0x000002be370879c0 WorkerThread "GC Thread#0"                     [id=3384, stack(0x000000fe96200000,0x000000fe96300000) (1024K)]
  0x000002be99319560 WorkerThread "GC Thread#1"                     [id=19780, stack(0x000000fe97400000,0x000000fe97500000) (1024K)]
  0x000002be997d7990 WorkerThread "GC Thread#2"                     [id=18680, stack(0x000000fe97500000,0x000000fe97600000) (1024K)]
  0x000002be997d8550 WorkerThread "GC Thread#3"                     [id=18724, stack(0x000000fe97600000,0x000000fe97700000) (1024K)]
  0x000002be9a1d0030 WorkerThread "GC Thread#4"                     [id=13180, stack(0x000000fe97700000,0x000000fe97800000) (1024K)]
  0x000002be9a0dae40 WorkerThread "GC Thread#5"                     [id=6188, stack(0x000000fe97800000,0x000000fe97900000) (1024K)]
  0x000002be9a0db9f0 WorkerThread "GC Thread#6"                     [id=9624, stack(0x000000fe97900000,0x000000fe97a00000) (1024K)]
  0x000002be9aeb3d70 WorkerThread "GC Thread#7"                     [id=18604, stack(0x000000fe98700000,0x000000fe98800000) (1024K)]
  0x000002be370998c0 ConcurrentGCThread "G1 Main Marker"            [id=16676, stack(0x000000fe96300000,0x000000fe96400000) (1024K)]
  0x000002be3709c160 WorkerThread "G1 Conc#0"                       [id=19592, stack(0x000000fe96400000,0x000000fe96500000) (1024K)]
  0x000002be9aeb3290 WorkerThread "G1 Conc#1"                       [id=16368, stack(0x000000fe98900000,0x000000fe98a00000) (1024K)]
  0x000002be370ee670 ConcurrentGCThread "G1 Refine#0"               [id=14376, stack(0x000000fe96500000,0x000000fe96600000) (1024K)]
  0x000002be53b322d0 ConcurrentGCThread "G1 Service"                [id=2736, stack(0x000000fe96600000,0x000000fe96700000) (1024K)]
Total: 15

Threads with active compile tasks:
C2 CompilerThread0  13341 11076       4       org.gradle.internal.event.DefaultListenerManager$EventBroadcast$ListenerDispatch::dispatch (9 bytes)
C2 CompilerThread1  13341 11027       4       org.gradle.internal.reflect.ClassInspector::inspectClass (179 bytes)
Total: 2

VM state: not at safepoint (normal execution)

VM Mutex/Monitor currently owned by a thread: None

Heap address: 0x0000000080000000, size: 2048 MB, Compressed Oops mode: 32-bit

CDS archive(s) mapped at: [0x000002be54000000-0x000002be54c80000-0x000002be54c80000), size 13107200, SharedBaseAddress: 0x000002be54000000, ArchiveRelocationMode: 1.
Compressed class space mapped at: 0x000002be55000000-0x000002be95000000, reserved size: 1073741824
Narrow klass base: 0x000002be54000000, Narrow klass shift: 0, Narrow klass range: 0x100000000

GC Precious Log:
 CardTable entry size: 512
 Card Set container configuration: InlinePtr #cards 5 size 8 Array Of Cards #cards 12 size 40 Howl #buckets 4 coarsen threshold 1843 Howl Bitmap #cards 512 size 80 coarsen threshold 460 Card regions per heap region 1 cards per card region 2048
 CPUs: 8 total, 8 available
 Memory: 7987M
 Large Page Support: Disabled
 NUMA Support: Disabled
 Compressed Oops: Enabled (32-bit)
 Heap Region Size: 1M
 Heap Min Capacity: 8M
 Heap Initial Capacity: 126M
 Heap Max Capacity: 2G
 Pre-touch: Disabled
 Parallel Workers: 8
 Concurrent Workers: 2
 Concurrent Refinement Workers: 8
 Periodic GC: Disabled

Heap:
 garbage-first heap   total 162816K, used 112424K [0x0000000080000000, 0x0000000100000000)
  region size 1024K, 21 young (21504K), 4 survivors (4096K)
 Metaspace       used 86711K, committed 88960K, reserved 1179648K
  class space    used 12064K, committed 13184K, reserved 1048576K

Heap Regions: E=young(eden), S=young(survivor), O=old, HS=humongous(starts), HC=humongous(continues), CS=collection set, F=free, TAMS=top-at-mark-start, PB=parsable bottom
|   0|0x0000000080000000, 0x0000000080100000, 0x0000000080100000|100%| O|  |TAMS 0x0000000080000000| PB 0x0000000080000000| Untracked 
|   1|0x0000000080100000, 0x0000000080200000, 0x0000000080200000|100%|HS|  |TAMS 0x0000000080100000| PB 0x0000000080100000| Complete 
|   2|0x0000000080200000, 0x0000000080300000, 0x0000000080300000|100%|HC|  |TAMS 0x0000000080200000| PB 0x0000000080200000| Complete 
|   3|0x0000000080300000, 0x0000000080400000, 0x0000000080400000|100%|HC|  |TAMS 0x0000000080300000| PB 0x0000000080300000| Complete 
|   4|0x0000000080400000, 0x0000000080500000, 0x0000000080500000|100%| O|  |TAMS 0x0000000080400000| PB 0x0000000080400000| Untracked 
|   5|0x0000000080500000, 0x0000000080600000, 0x0000000080600000|100%| O|  |TAMS 0x0000000080500000| PB 0x0000000080500000| Untracked 
|   6|0x0000000080600000, 0x0000000080700000, 0x0000000080700000|100%| O|  |TAMS 0x0000000080600000| PB 0x0000000080600000| Untracked 
|   7|0x0000000080700000, 0x0000000080800000, 0x0000000080800000|100%|HS|  |TAMS 0x0000000080700000| PB 0x0000000080700000| Complete 
|   8|0x0000000080800000, 0x0000000080900000, 0x0000000080900000|100%| O|  |TAMS 0x0000000080800000| PB 0x0000000080800000| Untracked 
|   9|0x0000000080900000, 0x0000000080a00000, 0x0000000080a00000|100%| O|  |TAMS 0x0000000080900000| PB 0x0000000080900000| Untracked 
|  10|0x0000000080a00000, 0x0000000080b00000, 0x0000000080b00000|100%| O|  |TAMS 0x0000000080a00000| PB 0x0000000080a00000| Untracked 
|  11|0x0000000080b00000, 0x0000000080c00000, 0x0000000080c00000|100%| O|  |TAMS 0x0000000080b00000| PB 0x0000000080b00000| Untracked 
|  12|0x0000000080c00000, 0x0000000080d00000, 0x0000000080d00000|100%| O|  |TAMS 0x0000000080c00000| PB 0x0000000080c00000| Untracked 
|  13|0x0000000080d00000, 0x0000000080e00000, 0x0000000080e00000|100%| O|  |TAMS 0x0000000080d00000| PB 0x0000000080d00000| Untracked 
|  14|0x0000000080e00000, 0x0000000080f00000, 0x0000000080f00000|100%| O|  |TAMS 0x0000000080e00000| PB 0x0000000080e00000| Untracked 
|  15|0x0000000080f00000, 0x0000000081000000, 0x0000000081000000|100%| O|  |TAMS 0x0000000080f00000| PB 0x0000000080f00000| Untracked 
|  16|0x0000000081000000, 0x0000000081100000, 0x0000000081100000|100%| O|  |TAMS 0x0000000081000000| PB 0x0000000081000000| Untracked 
|  17|0x0000000081100000, 0x0000000081100000, 0x0000000081200000|  0%| F|  |TAMS 0x0000000081100000| PB 0x0000000081100000| Untracked 
|  18|0x0000000081200000, 0x0000000081300000, 0x0000000081300000|100%| O|  |TAMS 0x0000000081200000| PB 0x0000000081200000| Untracked 
|  19|0x0000000081300000, 0x0000000081400000, 0x0000000081400000|100%| O|  |TAMS 0x0000000081300000| PB 0x0000000081300000| Untracked 
|  20|0x0000000081400000, 0x0000000081500000, 0x0000000081500000|100%| O|  |TAMS 0x0000000081400000| PB 0x0000000081400000| Untracked 
|  21|0x0000000081500000, 0x0000000081600000, 0x0000000081600000|100%| O|  |TAMS 0x0000000081500000| PB 0x0000000081500000| Untracked 
|  22|0x0000000081600000, 0x0000000081700000, 0x0000000081700000|100%| O|  |TAMS 0x0000000081600000| PB 0x0000000081600000| Untracked 
|  23|0x0000000081700000, 0x0000000081800000, 0x0000000081800000|100%| O|  |TAMS 0x0000000081700000| PB 0x0000000081700000| Untracked 
|  24|0x0000000081800000, 0x0000000081900000, 0x0000000081900000|100%| O|  |TAMS 0x0000000081800000| PB 0x0000000081800000| Untracked 
|  25|0x0000000081900000, 0x0000000081a00000, 0x0000000081a00000|100%| O|  |TAMS 0x0000000081900000| PB 0x0000000081900000| Untracked 
|  26|0x0000000081a00000, 0x0000000081b00000, 0x0000000081b00000|100%| O|  |TAMS 0x0000000081a00000| PB 0x0000000081a00000| Untracked 
|  27|0x0000000081b00000, 0x0000000081c00000, 0x0000000081c00000|100%| O|  |TAMS 0x0000000081b00000| PB 0x0000000081b00000| Untracked 
|  28|0x0000000081c00000, 0x0000000081d00000, 0x0000000081d00000|100%| O|  |TAMS 0x0000000081c00000| PB 0x0000000081c00000| Untracked 
|  29|0x0000000081d00000, 0x0000000081e00000, 0x0000000081e00000|100%| O|  |TAMS 0x0000000081d00000| PB 0x0000000081d00000| Untracked 
|  30|0x0000000081e00000, 0x0000000081f00000, 0x0000000081f00000|100%| O|  |TAMS 0x0000000081e00000| PB 0x0000000081e00000| Untracked 
|  31|0x0000000081f00000, 0x0000000082000000, 0x0000000082000000|100%| O|  |TAMS 0x0000000081f00000| PB 0x0000000081f00000| Untracked 
|  32|0x0000000082000000, 0x0000000082100000, 0x0000000082100000|100%| O|  |TAMS 0x0000000082000000| PB 0x0000000082000000| Untracked 
|  33|0x0000000082100000, 0x0000000082200000, 0x0000000082200000|100%| O|  |TAMS 0x0000000082100000| PB 0x0000000082100000| Untracked 
|  34|0x0000000082200000, 0x0000000082300000, 0x0000000082300000|100%| O|  |TAMS 0x0000000082200000| PB 0x0000000082200000| Untracked 
|  35|0x0000000082300000, 0x0000000082400000, 0x0000000082400000|100%| O|  |TAMS 0x0000000082300000| PB 0x0000000082300000| Untracked 
|  36|0x0000000082400000, 0x0000000082500000, 0x0000000082500000|100%| O|  |TAMS 0x0000000082400000| PB 0x0000000082400000| Untracked 
|  37|0x0000000082500000, 0x0000000082600000, 0x0000000082600000|100%|HS|  |TAMS 0x0000000082500000| PB 0x0000000082500000| Complete 
|  38|0x0000000082600000, 0x0000000082700000, 0x0000000082700000|100%|HS|  |TAMS 0x0000000082600000| PB 0x0000000082600000| Complete 
|  39|0x0000000082700000, 0x0000000082800000, 0x0000000082800000|100%| O|  |TAMS 0x0000000082700000| PB 0x0000000082700000| Untracked 
|  40|0x0000000082800000, 0x0000000082900000, 0x0000000082900000|100%| O|  |TAMS 0x0000000082800000| PB 0x0000000082800000| Untracked 
|  41|0x0000000082900000, 0x0000000082a00000, 0x0000000082a00000|100%|HS|  |TAMS 0x0000000082900000| PB 0x0000000082900000| Complete 
|  42|0x0000000082a00000, 0x0000000082b00000, 0x0000000082b00000|100%|HC|  |TAMS 0x0000000082a00000| PB 0x0000000082a00000| Complete 
|  43|0x0000000082b00000, 0x0000000082c00000, 0x0000000082c00000|100%|HS|  |TAMS 0x0000000082b00000| PB 0x0000000082b00000| Complete 
|  44|0x0000000082c00000, 0x0000000082d00000, 0x0000000082d00000|100%| O|  |TAMS 0x0000000082c00000| PB 0x0000000082c00000| Untracked 
|  45|0x0000000082d00000, 0x0000000082e00000, 0x0000000082e00000|100%| O|  |TAMS 0x0000000082d00000| PB 0x0000000082d00000| Untracked 
|  46|0x0000000082e00000, 0x0000000082e00000, 0x0000000082f00000|  0%| F|  |TAMS 0x0000000082e00000| PB 0x0000000082e00000| Untracked 
|  47|0x0000000082f00000, 0x0000000083000000, 0x0000000083000000|100%|HS|  |TAMS 0x0000000082f00000| PB 0x0000000082f00000| Complete 
|  48|0x0000000083000000, 0x0000000083100000, 0x0000000083100000|100%|HC|  |TAMS 0x0000000083000000| PB 0x0000000083000000| Complete 
|  49|0x0000000083100000, 0x0000000083200000, 0x0000000083200000|100%|HS|  |TAMS 0x0000000083100000| PB 0x0000000083100000| Complete 
|  50|0x0000000083200000, 0x0000000083300000, 0x0000000083300000|100%|HC|  |TAMS 0x0000000083200000| PB 0x0000000083200000| Complete 
|  51|0x0000000083300000, 0x0000000083400000, 0x0000000083400000|100%|HC|  |TAMS 0x0000000083300000| PB 0x0000000083300000| Complete 
|  52|0x0000000083400000, 0x0000000083500000, 0x0000000083500000|100%|HS|  |TAMS 0x0000000083400000| PB 0x0000000083400000| Complete 
|  53|0x0000000083500000, 0x0000000083600000, 0x0000000083600000|100%| O|  |TAMS 0x0000000083500000| PB 0x0000000083500000| Untracked 
|  54|0x0000000083600000, 0x0000000083700000, 0x0000000083700000|100%|HS|  |TAMS 0x0000000083600000| PB 0x0000000083600000| Complete 
|  55|0x0000000083700000, 0x0000000083800000, 0x0000000083800000|100%|HS|  |TAMS 0x0000000083700000| PB 0x0000000083700000| Complete 
|  56|0x0000000083800000, 0x0000000083900000, 0x0000000083900000|100%| O|Cm|TAMS 0x0000000083800000| PB 0x0000000083800000| Complete 
|  57|0x0000000083900000, 0x0000000083a00000, 0x0000000083a00000|100%| O|  |TAMS 0x0000000083900000| PB 0x0000000083900000| Untracked 
|  58|0x0000000083a00000, 0x0000000083b00000, 0x0000000083b00000|100%| O|  |TAMS 0x0000000083a00000| PB 0x0000000083a00000| Untracked 
|  59|0x0000000083b00000, 0x0000000083c00000, 0x0000000083c00000|100%| O|  |TAMS 0x0000000083b00000| PB 0x0000000083b00000| Untracked 
|  60|0x0000000083c00000, 0x0000000083d00000, 0x0000000083d00000|100%| O|  |TAMS 0x0000000083c00000| PB 0x0000000083c00000| Untracked 
|  61|0x0000000083d00000, 0x0000000083e00000, 0x0000000083e00000|100%| O|  |TAMS 0x0000000083d00000| PB 0x0000000083d00000| Untracked 
|  62|0x0000000083e00000, 0x0000000083f00000, 0x0000000083f00000|100%| O|  |TAMS 0x0000000083e00000| PB 0x0000000083e00000| Untracked 
|  63|0x0000000083f00000, 0x0000000084000000, 0x0000000084000000|100%| O|  |TAMS 0x0000000083f00000| PB 0x0000000083f00000| Untracked 
|  64|0x0000000084000000, 0x0000000084100000, 0x0000000084100000|100%| O|  |TAMS 0x0000000084000000| PB 0x0000000084000000| Untracked 
|  65|0x0000000084100000, 0x0000000084200000, 0x0000000084200000|100%|HS|  |TAMS 0x0000000084100000| PB 0x0000000084100000| Complete 
|  66|0x0000000084200000, 0x0000000084300000, 0x0000000084300000|100%| O|  |TAMS 0x0000000084200000| PB 0x0000000084200000| Untracked 
|  67|0x0000000084300000, 0x0000000084400000, 0x0000000084400000|100%| O|  |TAMS 0x0000000084300000| PB 0x0000000084300000| Untracked 
|  68|0x0000000084400000, 0x0000000084500000, 0x0000000084500000|100%| O|  |TAMS 0x0000000084400000| PB 0x0000000084400000| Untracked 
|  69|0x0000000084500000, 0x0000000084600000, 0x0000000084600000|100%| O|  |TAMS 0x0000000084500000| PB 0x0000000084500000| Untracked 
|  70|0x0000000084600000, 0x0000000084700000, 0x0000000084700000|100%|HS|  |TAMS 0x0000000084600000| PB 0x0000000084600000| Complete 
|  71|0x0000000084700000, 0x0000000084800000, 0x0000000084800000|100%|HC|  |TAMS 0x0000000084700000| PB 0x0000000084700000| Complete 
|  72|0x0000000084800000, 0x0000000084900000, 0x0000000084900000|100%|HC|  |TAMS 0x0000000084800000| PB 0x0000000084800000| Complete 
|  73|0x0000000084900000, 0x0000000084900000, 0x0000000084a00000|  0%| F|  |TAMS 0x0000000084900000| PB 0x0000000084900000| Untracked 
|  74|0x0000000084a00000, 0x0000000084b00000, 0x0000000084b00000|100%| O|  |TAMS 0x0000000084a00000| PB 0x0000000084a00000| Untracked 
|  75|0x0000000084b00000, 0x0000000084c00000, 0x0000000084c00000|100%| O|  |TAMS 0x0000000084b00000| PB 0x0000000084b00000| Untracked 
|  76|0x0000000084c00000, 0x0000000084d00000, 0x0000000084d00000|100%| O|  |TAMS 0x0000000084c00000| PB 0x0000000084c00000| Untracked 
|  77|0x0000000084d00000, 0x0000000084e00000, 0x0000000084e00000|100%| O|  |TAMS 0x0000000084d00000| PB 0x0000000084d00000| Untracked 
|  78|0x0000000084e00000, 0x0000000084f00000, 0x0000000084f00000|100%| O|  |TAMS 0x0000000084e00000| PB 0x0000000084e00000| Untracked 
|  79|0x0000000084f00000, 0x0000000085000000, 0x0000000085000000|100%| O|  |TAMS 0x0000000084f00000| PB 0x0000000084f00000| Untracked 
|  80|0x0000000085000000, 0x0000000085100000, 0x0000000085100000|100%| O|  |TAMS 0x0000000085000000| PB 0x0000000085000000| Untracked 
|  81|0x0000000085100000, 0x0000000085100000, 0x0000000085200000|  0%| F|  |TAMS 0x0000000085100000| PB 0x0000000085100000| Untracked 
|  82|0x0000000085200000, 0x0000000085200000, 0x0000000085300000|  0%| F|  |TAMS 0x0000000085200000| PB 0x0000000085200000| Untracked 
|  83|0x0000000085300000, 0x0000000085300000, 0x0000000085400000|  0%| F|  |TAMS 0x0000000085300000| PB 0x0000000085300000| Untracked 
|  84|0x0000000085400000, 0x0000000085400000, 0x0000000085500000|  0%| F|  |TAMS 0x0000000085400000| PB 0x0000000085400000| Untracked 
|  85|0x0000000085500000, 0x0000000085500000, 0x0000000085600000|  0%| F|  |TAMS 0x0000000085500000| PB 0x0000000085500000| Untracked 
|  86|0x0000000085600000, 0x0000000085600000, 0x0000000085700000|  0%| F|  |TAMS 0x0000000085600000| PB 0x0000000085600000| Untracked 
|  87|0x0000000085700000, 0x0000000085700000, 0x0000000085800000|  0%| F|  |TAMS 0x0000000085700000| PB 0x0000000085700000| Untracked 
|  88|0x0000000085800000, 0x0000000085800000, 0x0000000085900000|  0%| F|  |TAMS 0x0000000085800000| PB 0x0000000085800000| Untracked 
|  89|0x0000000085900000, 0x0000000085a00000, 0x0000000085a00000|100%| O|  |TAMS 0x0000000085900000| PB 0x0000000085900000| Untracked 
|  90|0x0000000085a00000, 0x0000000085af3818, 0x0000000085b00000| 95%| O|  |TAMS 0x0000000085a00000| PB 0x0000000085a00000| Untracked 
|  91|0x0000000085b00000, 0x0000000085bd68e0, 0x0000000085c00000| 83%| S|CS|TAMS 0x0000000085b00000| PB 0x0000000085b00000| Complete 
|  92|0x0000000085c00000, 0x0000000085d00000, 0x0000000085d00000|100%| S|CS|TAMS 0x0000000085c00000| PB 0x0000000085c00000| Complete 
|  93|0x0000000085d00000, 0x0000000085e00000, 0x0000000085e00000|100%| S|CS|TAMS 0x0000000085d00000| PB 0x0000000085d00000| Complete 
|  94|0x0000000085e00000, 0x0000000085f00000, 0x0000000085f00000|100%| S|CS|TAMS 0x0000000085e00000| PB 0x0000000085e00000| Complete 
|  95|0x0000000085f00000, 0x0000000085f00000, 0x0000000086000000|  0%| F|  |TAMS 0x0000000085f00000| PB 0x0000000085f00000| Untracked 
|  96|0x0000000086000000, 0x0000000086000000, 0x0000000086100000|  0%| F|  |TAMS 0x0000000086000000| PB 0x0000000086000000| Untracked 
|  97|0x0000000086100000, 0x0000000086100000, 0x0000000086200000|  0%| F|  |TAMS 0x0000000086100000| PB 0x0000000086100000| Untracked 
|  98|0x0000000086200000, 0x0000000086200000, 0x0000000086300000|  0%| F|  |TAMS 0x0000000086200000| PB 0x0000000086200000| Untracked 
|  99|0x0000000086300000, 0x0000000086300000, 0x0000000086400000|  0%| F|  |TAMS 0x0000000086300000| PB 0x0000000086300000| Untracked 
| 100|0x0000000086400000, 0x0000000086400000, 0x0000000086500000|  0%| F|  |TAMS 0x0000000086400000| PB 0x0000000086400000| Untracked 
| 101|0x0000000086500000, 0x0000000086500000, 0x0000000086600000|  0%| F|  |TAMS 0x0000000086500000| PB 0x0000000086500000| Untracked 
| 102|0x0000000086600000, 0x0000000086600000, 0x0000000086700000|  0%| F|  |TAMS 0x0000000086600000| PB 0x0000000086600000| Untracked 
| 103|0x0000000086700000, 0x0000000086700000, 0x0000000086800000|  0%| F|  |TAMS 0x0000000086700000| PB 0x0000000086700000| Untracked 
| 104|0x0000000086800000, 0x0000000086800000, 0x0000000086900000|  0%| F|  |TAMS 0x0000000086800000| PB 0x0000000086800000| Untracked 
| 105|0x0000000086900000, 0x0000000086900000, 0x0000000086a00000|  0%| F|  |TAMS 0x0000000086900000| PB 0x0000000086900000| Untracked 
| 106|0x0000000086a00000, 0x0000000086a00000, 0x0000000086b00000|  0%| F|  |TAMS 0x0000000086a00000| PB 0x0000000086a00000| Untracked 
| 107|0x0000000086b00000, 0x0000000086b00000, 0x0000000086c00000|  0%| F|  |TAMS 0x0000000086b00000| PB 0x0000000086b00000| Untracked 
| 108|0x0000000086c00000, 0x0000000086c00000, 0x0000000086d00000|  0%| F|  |TAMS 0x0000000086c00000| PB 0x0000000086c00000| Untracked 
| 109|0x0000000086d00000, 0x0000000086d00000, 0x0000000086e00000|  0%| F|  |TAMS 0x0000000086d00000| PB 0x0000000086d00000| Untracked 
| 110|0x0000000086e00000, 0x0000000086e00000, 0x0000000086f00000|  0%| F|  |TAMS 0x0000000086e00000| PB 0x0000000086e00000| Untracked 
| 111|0x0000000086f00000, 0x0000000086f00000, 0x0000000087000000|  0%| F|  |TAMS 0x0000000086f00000| PB 0x0000000086f00000| Untracked 
| 112|0x0000000087000000, 0x0000000087000000, 0x0000000087100000|  0%| F|  |TAMS 0x0000000087000000| PB 0x0000000087000000| Untracked 
| 113|0x0000000087100000, 0x0000000087100000, 0x0000000087200000|  0%| F|  |TAMS 0x0000000087100000| PB 0x0000000087100000| Untracked 
| 114|0x0000000087200000, 0x0000000087200000, 0x0000000087300000|  0%| F|  |TAMS 0x0000000087200000| PB 0x0000000087200000| Untracked 
| 115|0x0000000087300000, 0x0000000087300000, 0x0000000087400000|  0%| F|  |TAMS 0x0000000087300000| PB 0x0000000087300000| Untracked 
| 116|0x0000000087400000, 0x0000000087400000, 0x0000000087500000|  0%| F|  |TAMS 0x0000000087400000| PB 0x0000000087400000| Untracked 
| 117|0x0000000087500000, 0x0000000087500000, 0x0000000087600000|  0%| F|  |TAMS 0x0000000087500000| PB 0x0000000087500000| Untracked 
| 118|0x0000000087600000, 0x0000000087600000, 0x0000000087700000|  0%| F|  |TAMS 0x0000000087600000| PB 0x0000000087600000| Untracked 
| 119|0x0000000087700000, 0x0000000087700000, 0x0000000087800000|  0%| F|  |TAMS 0x0000000087700000| PB 0x0000000087700000| Untracked 
| 120|0x0000000087800000, 0x0000000087800000, 0x0000000087900000|  0%| F|  |TAMS 0x0000000087800000| PB 0x0000000087800000| Untracked 
| 121|0x0000000087900000, 0x0000000087900000, 0x0000000087a00000|  0%| F|  |TAMS 0x0000000087900000| PB 0x0000000087900000| Untracked 
| 122|0x0000000087a00000, 0x0000000087a00000, 0x0000000087b00000|  0%| F|  |TAMS 0x0000000087a00000| PB 0x0000000087a00000| Untracked 
| 123|0x0000000087b00000, 0x0000000087b00000, 0x0000000087c00000|  0%| F|  |TAMS 0x0000000087b00000| PB 0x0000000087b00000| Untracked 
| 124|0x0000000087c00000, 0x0000000087c00000, 0x0000000087d00000|  0%| F|  |TAMS 0x0000000087c00000| PB 0x0000000087c00000| Untracked 
| 125|0x0000000087d00000, 0x0000000087d00000, 0x0000000087e00000|  0%| F|  |TAMS 0x0000000087d00000| PB 0x0000000087d00000| Untracked 
| 126|0x0000000087e00000, 0x0000000087e00000, 0x0000000087f00000|  0%| F|  |TAMS 0x0000000087e00000| PB 0x0000000087e00000| Untracked 
| 127|0x0000000087f00000, 0x0000000087f00000, 0x0000000088000000|  0%| F|  |TAMS 0x0000000087f00000| PB 0x0000000087f00000| Untracked 
| 128|0x0000000088000000, 0x0000000088000000, 0x0000000088100000|  0%| F|  |TAMS 0x0000000088000000| PB 0x0000000088000000| Untracked 
| 129|0x0000000088100000, 0x0000000088100000, 0x0000000088200000|  0%| F|  |TAMS 0x0000000088100000| PB 0x0000000088100000| Untracked 
| 130|0x0000000088200000, 0x0000000088200000, 0x0000000088300000|  0%| F|  |TAMS 0x0000000088200000| PB 0x0000000088200000| Untracked 
| 131|0x0000000088300000, 0x0000000088380000, 0x0000000088400000| 50%| E|  |TAMS 0x0000000088300000| PB 0x0000000088300000| Complete 
| 132|0x0000000088400000, 0x0000000088500000, 0x0000000088500000|100%| E|CS|TAMS 0x0000000088400000| PB 0x0000000088400000| Complete 
| 133|0x0000000088500000, 0x0000000088600000, 0x0000000088600000|100%| E|CS|TAMS 0x0000000088500000| PB 0x0000000088500000| Complete 
| 134|0x0000000088600000, 0x0000000088700000, 0x0000000088700000|100%| E|CS|TAMS 0x0000000088600000| PB 0x0000000088600000| Complete 
| 135|0x0000000088700000, 0x0000000088800000, 0x0000000088800000|100%| E|CS|TAMS 0x0000000088700000| PB 0x0000000088700000| Complete 
| 136|0x0000000088800000, 0x0000000088900000, 0x0000000088900000|100%| E|CS|TAMS 0x0000000088800000| PB 0x0000000088800000| Complete 
| 137|0x0000000088900000, 0x0000000088a00000, 0x0000000088a00000|100%| E|CS|TAMS 0x0000000088900000| PB 0x0000000088900000| Complete 
| 138|0x0000000088a00000, 0x0000000088b00000, 0x0000000088b00000|100%| E|CS|TAMS 0x0000000088a00000| PB 0x0000000088a00000| Complete 
| 139|0x0000000088b00000, 0x0000000088c00000, 0x0000000088c00000|100%| E|CS|TAMS 0x0000000088b00000| PB 0x0000000088b00000| Complete 
| 140|0x0000000088c00000, 0x0000000088d00000, 0x0000000088d00000|100%| E|CS|TAMS 0x0000000088c00000| PB 0x0000000088c00000| Complete 
| 141|0x0000000088d00000, 0x0000000088e00000, 0x0000000088e00000|100%| E|CS|TAMS 0x0000000088d00000| PB 0x0000000088d00000| Complete 
| 142|0x0000000088e00000, 0x0000000088f00000, 0x0000000088f00000|100%| E|CS|TAMS 0x0000000088e00000| PB 0x0000000088e00000| Complete 
| 143|0x0000000088f00000, 0x0000000089000000, 0x0000000089000000|100%| E|CS|TAMS 0x0000000088f00000| PB 0x0000000088f00000| Complete 
| 144|0x0000000089000000, 0x0000000089100000, 0x0000000089100000|100%| E|CS|TAMS 0x0000000089000000| PB 0x0000000089000000| Complete 
| 145|0x0000000089100000, 0x0000000089200000, 0x0000000089200000|100%| E|CS|TAMS 0x0000000089100000| PB 0x0000000089100000| Complete 
| 146|0x0000000089200000, 0x0000000089300000, 0x0000000089300000|100%| E|CS|TAMS 0x0000000089200000| PB 0x0000000089200000| Complete 
| 147|0x0000000089300000, 0x0000000089400000, 0x0000000089400000|100%| E|CS|TAMS 0x0000000089300000| PB 0x0000000089300000| Complete 
|2037|0x00000000ff500000, 0x00000000ff600000, 0x00000000ff600000|100%| O|  |TAMS 0x00000000ff500000| PB 0x00000000ff500000| Untracked 
|2038|0x00000000ff600000, 0x00000000ff700000, 0x00000000ff700000|100%| E|CS|TAMS 0x00000000ff600000| PB 0x00000000ff600000| Complete 
|2039|0x00000000ff700000, 0x00000000ff800000, 0x00000000ff800000|100%| O|Cm|TAMS 0x00000000ff700000| PB 0x00000000ff700000| Complete 
|2040|0x00000000ff800000, 0x00000000ff900000, 0x00000000ff900000|100%| O|  |TAMS 0x00000000ff800000| PB 0x00000000ff800000| Untracked 
|2041|0x00000000ff900000, 0x00000000ffa00000, 0x00000000ffa00000|100%| O|Cm|TAMS 0x00000000ff900000| PB 0x00000000ff900000| Complete 
|2042|0x00000000ffa00000, 0x00000000ffb00000, 0x00000000ffb00000|100%| O|  |TAMS 0x00000000ffa00000| PB 0x00000000ffa00000| Untracked 
|2043|0x00000000ffb00000, 0x00000000ffc00000, 0x00000000ffc00000|100%| O|  |TAMS 0x00000000ffb00000| PB 0x00000000ffb00000| Untracked 
|2044|0x00000000ffc00000, 0x00000000ffd00000, 0x00000000ffd00000|100%| O|  |TAMS 0x00000000ffc00000| PB 0x00000000ffc00000| Untracked 
|2045|0x00000000ffd00000, 0x00000000ffe00000, 0x00000000ffe00000|100%| O|  |TAMS 0x00000000ffd00000| PB 0x00000000ffd00000| Untracked 
|2046|0x00000000ffe00000, 0x00000000fff00000, 0x00000000fff00000|100%| O|  |TAMS 0x00000000ffe00000| PB 0x00000000ffe00000| Untracked 
|2047|0x00000000fff00000, 0x0000000100000000, 0x0000000100000000|100%| O|  |TAMS 0x00000000fff00000| PB 0x00000000fff00000| Untracked 

Card table byte_map: [0x000002be4ee50000,0x000002be4f250000] _byte_map_base: 0x000002be4ea50000

Marking Bits: (CMBitMap*) 0x000002be37088fe0
 Bits: [0x000002be4f250000, 0x000002be51250000)

Polling page: 0x000002be34d30000

Metaspace:

Usage:
  Non-class:     72.91 MB used.
      Class:     11.78 MB used.
       Both:     84.69 MB used.

Virtual space:
  Non-class space:      128.00 MB reserved,      74.00 MB ( 58%) committed,  2 nodes.
      Class space:        1.00 GB reserved,      12.88 MB (  1%) committed,  1 nodes.
             Both:        1.12 GB reserved,      86.88 MB (  8%) committed. 

Chunk freelists:
   Non-Class:  5.80 MB
       Class:  2.98 MB
        Both:  8.78 MB

MaxMetaspaceSize: unlimited
CompressedClassSpaceSize: 1.00 GB
Initial GC threshold: 21.00 MB
Current GC threshold: 143.75 MB
CDS: on
 - commit_granule_bytes: 65536.
 - commit_granule_words: 8192.
 - virtual_space_node_default_size: 8388608.
 - enlarge_chunks_in_place: 1.
 - use_allocation_guard: 0.


Internal statistics:

num_allocs_failed_limit: 9.
num_arena_births: 3918.
num_arena_deaths: 0.
num_vsnodes_births: 3.
num_vsnodes_deaths: 0.
num_space_committed: 1390.
num_space_uncommitted: 0.
num_chunks_returned_to_freelist: 9.
num_chunks_taken_from_freelist: 7835.
num_chunk_merges: 6.
num_chunk_splits: 5192.
num_chunks_enlarged: 3302.
num_inconsistent_stats: 0.

CodeHeap 'non-profiled nmethods': size=120000Kb used=5501Kb max_used=5594Kb free=114498Kb
 bounds [0x000002be471f0000, 0x000002be47770000, 0x000002be4e720000]
CodeHeap 'profiled nmethods': size=120000Kb used=16534Kb max_used=16915Kb free=103465Kb
 bounds [0x000002be3f720000, 0x000002be407b0000, 0x000002be46c50000]
CodeHeap 'non-nmethods': size=5760Kb used=3173Kb max_used=3187Kb free=2586Kb
 bounds [0x000002be46c50000, 0x000002be46f80000, 0x000002be471f0000]
 total_blobs=10279 nmethods=9291 adapters=890
 compilation: enabled
              stopped_count=0, restarted_count=0
 full_count=0

Compilation events (20 events):
Event: 12.252 Thread 0x000002be53ca56d0 nmethod 11064 0x000002be3f784590 code [0x000002be3f784800, 0x000002be3f7853e8]
Event: 12.252 Thread 0x000002be53ca56d0 11066   !   3       com.sun.beans.TypeResolver::resolve (268 bytes)
Event: 12.253 Thread 0x000002be53ca56d0 nmethod 11066 0x000002be3fb4cb90 code [0x000002be3fb4d000, 0x000002be3fb4f380]
Event: 12.253 Thread 0x000002be53ca56d0 11059       3       com.sun.beans.TypeResolver::resolveInClass (9 bytes)
Event: 12.254 Thread 0x000002be53ca56d0 nmethod 11059 0x000002be3fdfe110 code [0x000002be3fdfe340, 0x000002be3fdfea98]
Event: 12.254 Thread 0x000002be53ca56d0 11058       3       java.beans.PropertyDescriptor::setPropertyType (9 bytes)
Event: 12.254 Thread 0x000002be53ca56d0 nmethod 11058 0x000002be3fd2ab90 code [0x000002be3fd2ad60, 0x000002be3fd2b0e8]
Event: 12.254 Thread 0x000002be53ca56d0 11060       3       com.sun.beans.introspect.PropertyInfo::isPrefix (25 bytes)
Event: 12.254 Thread 0x000002be53ca56d0 nmethod 11060 0x000002be3fa2e110 code [0x000002be3fa2e300, 0x000002be3fa2e708]
Event: 12.254 Thread 0x000002be53ca56d0 11054       3       com.sun.beans.introspect.PropertyInfo::<init> (5 bytes)
Event: 12.254 Thread 0x000002be53ca56d0 nmethod 11054 0x000002be3f88e110 code [0x000002be3f88e2c0, 0x000002be3f88e428]
Event: 12.254 Thread 0x000002be53ca56d0 11055       3       com.sun.beans.introspect.PropertyInfo$$Lambda/0x000002be552fba20::test (8 bytes)
Event: 12.254 Thread 0x000002be53ca56d0 nmethod 11055 0x000002be3fb06410 code [0x000002be3fb065e0, 0x000002be3fb068c0]
Event: 12.254 Thread 0x000002be53ca56d0 11062       3       java.util.Collections$UnmodifiableMap$UnmodifiableEntrySet$1::next (5 bytes)
Event: 12.254 Thread 0x000002be53ca56d0 nmethod 11062 0x000002be3fbdde10 code [0x000002be3fbde020, 0x000002be3fbde750]
Event: 12.254 Thread 0x000002be53ca56d0 11063       3       java.util.Collections$UnmodifiableMap$UnmodifiableEntrySet$1::next (20 bytes)
Event: 12.255 Thread 0x000002be53ca56d0 nmethod 11063 0x000002be3f8c6290 code [0x000002be3f8c64a0, 0x000002be3f8c6b68]
Event: 12.428 Thread 0x000002be53ca56d0 11068       3       java.lang.invoke.DelegatingMethodHandle$Holder::reinvoke_L (20 bytes)
Event: 12.429 Thread 0x000002be53ca56d0 nmethod 11068 0x000002be3fec7d90 code [0x000002be3fec7f60, 0x000002be3fec83c0]
Event: 12.987 Thread 0x000002be53ca7b80 11069       4       java.util.concurrent.locks.AbstractQueuedSynchronizer$ConditionObject::awaitNanos (207 bytes)

GC Heap History (20 events):
Event: 7.901 GC heap before
{Heap before GC invocations=17 (full 0):
 garbage-first heap   total 116736K, used 69291K [0x0000000080000000, 0x0000000100000000)
  region size 1024K, 18 young (18432K), 5 survivors (5120K)
 Metaspace       used 57785K, committed 59584K, reserved 1114112K
  class space    used 8053K, committed 8960K, reserved 1048576K
}
Event: 7.904 GC heap after
{Heap after GC invocations=18 (full 0):
 garbage-first heap   total 116736K, used 59192K [0x0000000080000000, 0x0000000100000000)
  region size 1024K, 6 young (6144K), 6 survivors (6144K)
 Metaspace       used 57785K, committed 59584K, reserved 1114112K
  class space    used 8053K, committed 8960K, reserved 1048576K
}
Event: 8.484 GC heap before
{Heap before GC invocations=19 (full 0):
 garbage-first heap   total 116736K, used 112440K [0x0000000080000000, 0x0000000100000000)
  region size 1024K, 49 young (50176K), 6 survivors (6144K)
 Metaspace       used 60587K, committed 62400K, reserved 1114112K
  class space    used 8393K, committed 9344K, reserved 1048576K
}
Event: 8.489 GC heap after
{Heap after GC invocations=20 (full 0):
 garbage-first heap   total 126976K, used 74824K [0x0000000080000000, 0x0000000100000000)
  region size 1024K, 7 young (7168K), 7 survivors (7168K)
 Metaspace       used 60587K, committed 62400K, reserved 1114112K
  class space    used 8393K, committed 9344K, reserved 1048576K
}
Event: 8.875 GC heap before
{Heap before GC invocations=20 (full 0):
 garbage-first heap   total 126976K, used 110664K [0x0000000080000000, 0x0000000100000000)
  region size 1024K, 43 young (44032K), 7 survivors (7168K)
 Metaspace       used 64313K, committed 66240K, reserved 1114112K
  class space    used 8889K, committed 9856K, reserved 1048576K
}
Event: 8.878 GC heap after
{Heap after GC invocations=21 (full 0):
 garbage-first heap   total 126976K, used 75174K [0x0000000080000000, 0x0000000100000000)
  region size 1024K, 2 young (2048K), 2 survivors (2048K)
 Metaspace       used 64313K, committed 66240K, reserved 1114112K
  class space    used 8889K, committed 9856K, reserved 1048576K
}
Event: 9.051 GC heap before
{Heap before GC invocations=21 (full 0):
 garbage-first heap   total 126976K, used 86438K [0x0000000080000000, 0x0000000100000000)
  region size 1024K, 14 young (14336K), 2 survivors (2048K)
 Metaspace       used 66161K, committed 68160K, reserved 1114112K
  class space    used 9106K, committed 10112K, reserved 1048576K
}
Event: 9.053 GC heap after
{Heap after GC invocations=22 (full 0):
 garbage-first heap   total 126976K, used 76800K [0x0000000080000000, 0x0000000100000000)
  region size 1024K, 3 young (3072K), 3 survivors (3072K)
 Metaspace       used 66161K, committed 68160K, reserved 1114112K
  class space    used 9106K, committed 10112K, reserved 1048576K
}
Event: 9.374 GC heap before
{Heap before GC invocations=23 (full 0):
 garbage-first heap   total 135168K, used 120832K [0x0000000080000000, 0x0000000100000000)
  region size 1024K, 41 young (41984K), 3 survivors (3072K)
 Metaspace       used 68094K, committed 70080K, reserved 1114112K
  class space    used 9377K, committed 10368K, reserved 1048576K
}
Event: 9.378 GC heap after
{Heap after GC invocations=24 (full 0):
 garbage-first heap   total 135168K, used 81128K [0x0000000080000000, 0x0000000100000000)
  region size 1024K, 6 young (6144K), 6 survivors (6144K)
 Metaspace       used 68094K, committed 70080K, reserved 1114112K
  class space    used 9377K, committed 10368K, reserved 1048576K
}
Event: 9.771 GC heap before
{Heap before GC invocations=24 (full 0):
 garbage-first heap   total 135168K, used 120040K [0x0000000080000000, 0x0000000100000000)
  region size 1024K, 44 young (45056K), 6 survivors (6144K)
 Metaspace       used 71146K, committed 73088K, reserved 1114112K
  class space    used 9765K, committed 10752K, reserved 1048576K
}
Event: 9.776 GC heap after
{Heap after GC invocations=25 (full 0):
 garbage-first heap   total 162816K, used 82542K [0x0000000080000000, 0x0000000100000000)
  region size 1024K, 3 young (3072K), 3 survivors (3072K)
 Metaspace       used 71146K, committed 73088K, reserved 1114112K
  class space    used 9765K, committed 10752K, reserved 1048576K
}
Event: 10.399 GC heap before
{Heap before GC invocations=25 (full 0):
 garbage-first heap   total 162816K, used 137838K [0x0000000080000000, 0x0000000100000000)
  region size 1024K, 57 young (58368K), 3 survivors (3072K)
 Metaspace       used 76179K, committed 78144K, reserved 1179648K
  class space    used 10401K, committed 11392K, reserved 1048576K
}
Event: 10.403 GC heap after
{Heap after GC invocations=26 (full 0):
 garbage-first heap   total 162816K, used 84826K [0x0000000080000000, 0x0000000100000000)
  region size 1024K, 5 young (5120K), 5 survivors (5120K)
 Metaspace       used 76179K, committed 78144K, reserved 1179648K
  class space    used 10401K, committed 11392K, reserved 1048576K
}
Event: 10.909 GC heap before
{Heap before GC invocations=27 (full 0):
 garbage-first heap   total 162816K, used 144218K [0x0000000080000000, 0x0000000100000000)
  region size 1024K, 60 young (61440K), 5 survivors (5120K)
 Metaspace       used 78253K, committed 80320K, reserved 1179648K
  class space    used 10696K, committed 11712K, reserved 1048576K
}
Event: 10.915 GC heap after
{Heap after GC invocations=28 (full 0):
 garbage-first heap   total 162816K, used 92375K [0x0000000080000000, 0x0000000100000000)
  region size 1024K, 8 young (8192K), 8 survivors (8192K)
 Metaspace       used 78253K, committed 80320K, reserved 1179648K
  class space    used 10696K, committed 11712K, reserved 1048576K
}
Event: 11.423 GC heap before
{Heap before GC invocations=28 (full 0):
 garbage-first heap   total 162816K, used 143575K [0x0000000080000000, 0x0000000100000000)
  region size 1024K, 58 young (59392K), 8 survivors (8192K)
 Metaspace       used 81934K, committed 84032K, reserved 1179648K
  class space    used 11213K, committed 12288K, reserved 1048576K
}
Event: 11.429 GC heap after
{Heap after GC invocations=29 (full 0):
 garbage-first heap   total 162816K, used 94661K [0x0000000080000000, 0x0000000100000000)
  region size 1024K, 3 young (3072K), 3 survivors (3072K)
 Metaspace       used 81934K, committed 84032K, reserved 1179648K
  class space    used 11213K, committed 12288K, reserved 1048576K
}
Event: 12.071 GC heap before
{Heap before GC invocations=29 (full 0):
 garbage-first heap   total 162816K, used 146885K [0x0000000080000000, 0x0000000100000000)
  region size 1024K, 54 young (55296K), 3 survivors (3072K)
 Metaspace       used 85865K, committed 87936K, reserved 1179648K
  class space    used 11889K, committed 12928K, reserved 1048576K
}
Event: 12.073 GC heap after
{Heap after GC invocations=30 (full 0):
 garbage-first heap   total 162816K, used 96040K [0x0000000080000000, 0x0000000100000000)
  region size 1024K, 4 young (4096K), 4 survivors (4096K)
 Metaspace       used 85865K, committed 87936K, reserved 1179648K
  class space    used 11889K, committed 12928K, reserved 1048576K
}

Dll operation events (15 events):
Event: 0.008 Loaded shared library C:\Program Files\Eclipse Adoptium\jdk-21.0.7.6-hotspot\bin\java.dll
Event: 0.034 Loaded shared library C:\Program Files\Eclipse Adoptium\jdk-21.0.7.6-hotspot\bin\jsvml.dll
Event: 0.068 Loaded shared library C:\Program Files\Eclipse Adoptium\jdk-21.0.7.6-hotspot\bin\zip.dll
Event: 0.072 Loaded shared library C:\Program Files\Eclipse Adoptium\jdk-21.0.7.6-hotspot\bin\instrument.dll
Event: 0.076 Loaded shared library C:\Program Files\Eclipse Adoptium\jdk-21.0.7.6-hotspot\bin\net.dll
Event: 0.078 Loaded shared library C:\Program Files\Eclipse Adoptium\jdk-21.0.7.6-hotspot\bin\nio.dll
Event: 0.080 Loaded shared library C:\Program Files\Eclipse Adoptium\jdk-21.0.7.6-hotspot\bin\zip.dll
Event: 0.275 Loaded shared library C:\Program Files\Eclipse Adoptium\jdk-21.0.7.6-hotspot\bin\jimage.dll
Event: 0.416 Loaded shared library C:\Program Files\Eclipse Adoptium\jdk-21.0.7.6-hotspot\bin\verify.dll
Event: 0.536 Loaded shared library C:\Users\tahir\.gradle\native\c067742578af261105cb4f569cf0c3c89f3d7b1fecec35dd04571415982c5e48\windows-amd64\native-platform.dll
Event: 0.542 Loaded shared library C:\Users\tahir\.gradle\native\100fb08df4bc3b14c8652ba06237920a3bd2aa13389f12d3474272988ae205f9\windows-amd64\native-platform-file-events.dll
Event: 1.344 Loaded shared library C:\Program Files\Eclipse Adoptium\jdk-21.0.7.6-hotspot\bin\management.dll
Event: 1.350 Loaded shared library C:\Program Files\Eclipse Adoptium\jdk-21.0.7.6-hotspot\bin\management_ext.dll
Event: 1.603 Loaded shared library C:\Program Files\Eclipse Adoptium\jdk-21.0.7.6-hotspot\bin\extnet.dll
Event: 1.725 Loaded shared library C:\Program Files\Eclipse Adoptium\jdk-21.0.7.6-hotspot\bin\sunmscapi.dll

Deoptimization events (20 events):
Event: 11.864 Thread 0x000002be9ac3a6f0 DEOPT PACKING pc=0x000002be4735f294 sp=0x000000fe980f8c30
Event: 11.864 Thread 0x000002be9ac3a6f0 DEOPT UNPACKING pc=0x000002be46ca7da2 sp=0x000000fe980f8bc0 mode 2
Event: 11.954 Thread 0x000002be9ac3a6f0 DEOPT PACKING pc=0x000002be3f8fcdb0 sp=0x000000fe980f8080
Event: 11.954 Thread 0x000002be9ac3a6f0 DEOPT UNPACKING pc=0x000002be46ca88e2 sp=0x000000fe980f75a0 mode 0
Event: 12.120 Thread 0x000002be9ac3a6f0 Uncommon trap: trap_request=0xffffff45 fr.pc=0x000002be4730d9c0 relative=0x00000000000000a0
Event: 12.120 Thread 0x000002be9ac3a6f0 Uncommon trap: reason=unstable_if action=reinterpret pc=0x000002be4730d9c0 method=java.lang.invoke.LambdaForm$BasicType.basicType(C)Ljava/lang/invoke/LambdaForm$BasicType; @ 1 c2
Event: 12.120 Thread 0x000002be9ac3a6f0 DEOPT PACKING pc=0x000002be4730d9c0 sp=0x000000fe980f7a10
Event: 12.120 Thread 0x000002be9ac3a6f0 DEOPT UNPACKING pc=0x000002be46ca7da2 sp=0x000000fe980f79b0 mode 2
Event: 12.127 Thread 0x000002be9ac3a6f0 Uncommon trap: trap_request=0xffffff45 fr.pc=0x000002be47569b04 relative=0x0000000000000064
Event: 12.127 Thread 0x000002be9ac3a6f0 Uncommon trap: reason=unstable_if action=reinterpret pc=0x000002be47569b04 method=java.lang.StringConcatHelper.stringOf(Ljava/lang/Object;)Ljava/lang/String; @ 1 c2
Event: 12.127 Thread 0x000002be9ac3a6f0 DEOPT PACKING pc=0x000002be47569b04 sp=0x000000fe980f8970
Event: 12.127 Thread 0x000002be9ac3a6f0 DEOPT UNPACKING pc=0x000002be46ca7da2 sp=0x000000fe980f8900 mode 2
Event: 12.168 Thread 0x000002be9ac3a6f0 Uncommon trap: trap_request=0xffffff45 fr.pc=0x000002be4747b954 relative=0x0000000000000134
Event: 12.168 Thread 0x000002be9ac3a6f0 Uncommon trap: reason=unstable_if action=reinterpret pc=0x000002be4747b954 method=org.objectweb.asm.ByteVector.putInt(I)Lorg/objectweb/asm/ByteVector; @ 13 c2
Event: 12.168 Thread 0x000002be9ac3a6f0 DEOPT PACKING pc=0x000002be4747b954 sp=0x000000fe980f82e0
Event: 12.168 Thread 0x000002be9ac3a6f0 DEOPT UNPACKING pc=0x000002be46ca7da2 sp=0x000000fe980f8268 mode 2
Event: 12.245 Thread 0x000002be9ac3a6f0 Uncommon trap: trap_request=0xffffff45 fr.pc=0x000002be4740958c relative=0x000000000000064c
Event: 12.245 Thread 0x000002be9ac3a6f0 Uncommon trap: reason=unstable_if action=reinterpret pc=0x000002be4740958c method=java.util.Hashtable.put(Ljava/lang/Object;Ljava/lang/Object;)Ljava/lang/Object; @ 51 c2
Event: 12.245 Thread 0x000002be9ac3a6f0 DEOPT PACKING pc=0x000002be4740958c sp=0x000000fe980f8050
Event: 12.245 Thread 0x000002be9ac3a6f0 DEOPT UNPACKING pc=0x000002be46ca7da2 sp=0x000000fe980f8000 mode 2

Classes loaded (20 events):
Event: 9.993 Loading class com/sun/jmx/mbeanserver/StandardMBeanSupport
Event: 9.994 Loading class com/sun/jmx/mbeanserver/StandardMBeanSupport done
Event: 9.994 Loading class com/sun/jmx/mbeanserver/StandardMBeanIntrospector
Event: 9.994 Loading class com/sun/jmx/mbeanserver/StandardMBeanIntrospector done
Event: 11.221 Loading class java/util/concurrent/atomic/AtomicIntegerArray
Event: 11.221 Loading class java/util/concurrent/atomic/AtomicIntegerArray done
Event: 11.223 Loading class java/util/Currency
Event: 11.224 Loading class java/util/Currency done
Event: 11.229 Loading class java/util/concurrent/atomic/AtomicLongArray
Event: 11.229 Loading class java/util/concurrent/atomic/AtomicLongArray done
Event: 11.250 Loading class sun/reflect/generics/repository/FieldRepository
Event: 11.250 Loading class sun/reflect/generics/repository/FieldRepository done
Event: 11.263 Loading class jdk/internal/vm/annotation/ForceInline
Event: 11.263 Loading class jdk/internal/vm/annotation/ForceInline done
Event: 11.317 Loading class java/util/regex/Pattern$Caret
Event: 11.318 Loading class java/util/regex/Pattern$Caret done
Event: 11.707 Loading class java/util/concurrent/LinkedBlockingDeque$Itr
Event: 11.707 Loading class java/util/concurrent/LinkedBlockingDeque$AbstractItr
Event: 11.708 Loading class java/util/concurrent/LinkedBlockingDeque$AbstractItr done
Event: 11.708 Loading class java/util/concurrent/LinkedBlockingDeque$Itr done

Classes unloaded (0 events):
No events

Classes redefined (0 events):
No events

Internal exceptions (20 events):
Event: 10.541 Thread 0x000002be9ac3a6f0 Exception <a 'java/lang/ClassNotFoundException'{0x0000000088aaf018}: org/jetbrains/kotlin/gradle/targets/js/npm/NpmDependencyExtensionDelegateBeanInfo> (0x0000000088aaf018) 
thrown [s\src\hotspot\share\classfile\systemDictionary.cpp, line 312]
Event: 10.541 Thread 0x000002be9ac3a6f0 Exception <a 'java/lang/ClassNotFoundException'{0x0000000088abf4a8}: org/jetbrains/kotlin/gradle/targets/js/npm/NpmDependencyExtensionDelegateCustomizer> (0x0000000088abf4a8) 
thrown [s\src\hotspot\share\classfile\systemDictionary.cpp, line 312]
Event: 10.543 Thread 0x000002be9ac3a6f0 Exception <a 'java/lang/ClassNotFoundException'{0x0000000088af05e8}: org/jetbrains/kotlin/gradle/targets/js/npm/NpmDependencyExtensionKt$defaultNpmDependencyDelegate$1Customizer> (0x0000000088af05e8) 
thrown [s\src\hotspot\share\classfile\systemDictionary.cpp, line 312]
Event: 10.545 Thread 0x000002be9ac3a6f0 Exception <a 'java/lang/ClassNotFoundException'{0x00000000889375e8}: org/jetbrains/kotlin/gradle/targets/js/npm/DefaultDevNpmDependencyExtensionBeanInfo> (0x00000000889375e8) 
thrown [s\src\hotspot\share\classfile\systemDictionary.cpp, line 312]
Event: 10.546 Thread 0x000002be9ac3a6f0 Exception <a 'java/lang/ClassNotFoundException'{0x0000000088946260}: org/jetbrains/kotlin/gradle/targets/js/npm/DefaultDevNpmDependencyExtensionCustomizer> (0x0000000088946260) 
thrown [s\src\hotspot\share\classfile\systemDictionary.cpp, line 312]
Event: 10.549 Thread 0x000002be9ac3a6f0 Exception <a 'java/lang/ClassNotFoundException'{0x0000000088995a70}: org/jetbrains/kotlin/gradle/targets/js/npm/DefaultPeerNpmDependencyExtensionBeanInfo> (0x0000000088995a70) 
thrown [s\src\hotspot\share\classfile\systemDictionary.cpp, line 312]
Event: 10.550 Thread 0x000002be9ac3a6f0 Exception <a 'java/lang/ClassNotFoundException'{0x00000000889a4770}: org/jetbrains/kotlin/gradle/targets/js/npm/DefaultPeerNpmDependencyExtensionCustomizer> (0x00000000889a4770) 
thrown [s\src\hotspot\share\classfile\systemDictionary.cpp, line 312]
Event: 10.553 Thread 0x000002be9ac3a6f0 Exception <a 'java/lang/ClassNotFoundException'{0x00000000888020e8}: org/jetbrains/kotlin/gradle/targets/js/npm/DefaultPeerNpmDependencyExtension$delegate$1BeanInfo> (0x00000000888020e8) 
thrown [s\src\hotspot\share\classfile\systemDictionary.cpp, line 312]
Event: 10.553 Thread 0x000002be9ac3a6f0 Exception <a 'java/lang/ClassNotFoundException'{0x0000000088811528}: org/jetbrains/kotlin/gradle/targets/js/npm/DefaultPeerNpmDependencyExtension$delegate$1Customizer> (0x0000000088811528) 
thrown [s\src\hotspot\share\classfile\systemDictionary.cpp, line 312]
Event: 10.562 Thread 0x000002be9ac3a6f0 Exception <a 'java/lang/NoSuchMethodError'{0x00000000888bfc10}: static Lorg/jetbrains/kotlin/gradle/plugin/internal/DefaultIdeaSyncDetector$createIdeaPropertiesEvaluator$1;.<clinit>()V> (0x00000000888bfc10) 
thrown [s\src\hotspot\share\prims\jni.cpp, line 1111]
Event: 11.053 Thread 0x000002be9ac3a6f0 Exception <a 'java/lang/NoSuchMethodError'{0x000000008855eb88}: 'java.lang.Object java.lang.invoke.DirectMethodHandle$Holder.newInvokeSpecial(java.lang.Object, java.lang.Object, java.lang.Object, java.lang.Object, java.lang.Object, java.lang.Object, java.lang.Object, java.lang.Object, java.lang.Object, java.lang.Object, java.lang.Object, java.lang.Object, java.lang.Object, java.lang.Object)'> (0x000000008855eb88) 
thrown [s\src\hotspot\share\interpreter\linkResolver.cpp, line 773]
Event: 11.264 Thread 0x000002be9ac3a6f0 Exception <a 'java/lang/NoSuchMethodError'{0x0000000086f04ce0}: 'void java.lang.invoke.Invokers$Holder.invokeExact_MT(java.lang.Object, java.lang.Object, java.lang.Object, java.lang.Object)'> (0x0000000086f04ce0) 
thrown [s\src\hotspot\share\interpreter\linkResolver.cpp, line 773]
Event: 11.969 Thread 0x000002be9ac3a6f0 Exception <a 'java/lang/NoSuchMethodError'{0x0000000086904f18}: 'java.lang.Object java.lang.invoke.Invokers$Holder.invokeExact_MT(java.lang.Object, java.lang.Object, java.lang.Object, int, java.lang.Object, java.lang.Object)'> (0x0000000086904f18) 
thrown [s\src\hotspot\share\interpreter\linkResolver.cpp, line 773]
Event: 12.127 Thread 0x000002be9ac3a6f0 Implicit null exception at 0x000002be47569aba to 0x000002be47569af4
Event: 12.240 Thread 0x000002be9ac3a6f0 Exception <a 'java/lang/ClassNotFoundException'{0x00000000889034b8}: com/android/build/gradle/internal/api/ApkVariantOutputImpl_DecoratedBeanInfo> (0x00000000889034b8) 
thrown [s\src\hotspot\share\classfile\systemDictionary.cpp, line 312]
Event: 12.241 Thread 0x000002be9ac3a6f0 Exception <a 'java/lang/ClassNotFoundException'{0x000000008890ffe8}: com/android/build/gradle/internal/api/ApkVariantOutputImplBeanInfo> (0x000000008890ffe8) 
thrown [s\src\hotspot\share\classfile\systemDictionary.cpp, line 312]
Event: 12.242 Thread 0x000002be9ac3a6f0 Exception <a 'java/lang/ClassNotFoundException'{0x000000008891d5f8}: com/android/build/gradle/internal/api/BaseVariantOutputImplBeanInfo> (0x000000008891d5f8) 
thrown [s\src\hotspot\share\classfile\systemDictionary.cpp, line 312]
Event: 12.243 Thread 0x000002be9ac3a6f0 Exception <a 'java/lang/ClassNotFoundException'{0x000000008892a128}: com/android/build/gradle/internal/api/BaseVariantOutputImplCustomizer> (0x000000008892a128) 
thrown [s\src\hotspot\share\classfile\systemDictionary.cpp, line 312]
Event: 12.245 Thread 0x000002be9ac3a6f0 Exception <a 'java/lang/ClassNotFoundException'{0x0000000088949c60}: com/android/build/gradle/internal/api/ApkVariantOutputImplCustomizer> (0x0000000088949c60) 
thrown [s\src\hotspot\share\classfile\systemDictionary.cpp, line 312]
Event: 12.246 Thread 0x000002be9ac3a6f0 Exception <a 'java/lang/ClassNotFoundException'{0x0000000088964b90}: com/android/build/gradle/internal/api/ApkVariantOutputImpl_DecoratedCustomizer> (0x0000000088964b90) 
thrown [s\src\hotspot\share\classfile\systemDictionary.cpp, line 312]

ZGC Phase Switch (0 events):
No events

VM Operations (20 events):
Event: 10.464 Executing VM operation: G1PauseCleanup
Event: 10.465 Executing VM operation: G1PauseCleanup done
Event: 10.909 Executing VM operation: G1CollectForAllocation (G1 Evacuation Pause)
Event: 10.915 Executing VM operation: G1CollectForAllocation (G1 Evacuation Pause) done
Event: 11.011 Executing VM operation: HandshakeAllThreads (Deoptimize)
Event: 11.011 Executing VM operation: HandshakeAllThreads (Deoptimize) done
Event: 11.423 Executing VM operation: G1CollectForAllocation (G1 Evacuation Pause)
Event: 11.430 Executing VM operation: G1CollectForAllocation (G1 Evacuation Pause) done
Event: 11.715 Executing VM operation: HandshakeAllThreads (Deoptimize)
Event: 11.715 Executing VM operation: HandshakeAllThreads (Deoptimize) done
Event: 11.716 Executing VM operation: HandshakeAllThreads (Deoptimize)
Event: 11.716 Executing VM operation: HandshakeAllThreads (Deoptimize) done
Event: 12.070 Executing VM operation: G1CollectForAllocation (G1 Evacuation Pause)
Event: 12.073 Executing VM operation: G1CollectForAllocation (G1 Evacuation Pause) done
Event: 12.133 Executing VM operation: G1PauseRemark
Event: 12.137 Executing VM operation: G1PauseRemark done
Event: 12.167 Executing VM operation: G1PauseCleanup
Event: 12.167 Executing VM operation: G1PauseCleanup done
Event: 13.174 Executing VM operation: Cleanup
Event: 13.174 Executing VM operation: Cleanup done

Memory protections (0 events):
No events

Nmethod flushes (20 events):
Event: 12.136 Thread 0x000002be53c7bc40 flushing  nmethod 0x000002be40445610
Event: 12.136 Thread 0x000002be53c7bc40 flushing  nmethod 0x000002be4756d710
Event: 12.136 Thread 0x000002be53c7bc40 flushing  nmethod 0x000002be3fa25910
Event: 12.136 Thread 0x000002be53c7bc40 flushing  nmethod 0x000002be3faecd10
Event: 12.136 Thread 0x000002be53c7bc40 flushing  nmethod 0x000002be3faf0810
Event: 12.136 Thread 0x000002be53c7bc40 flushing  nmethod 0x000002be3faf2010
Event: 12.136 Thread 0x000002be53c7bc40 flushing  nmethod 0x000002be3faf2990
Event: 12.136 Thread 0x000002be53c7bc40 flushing  nmethod 0x000002be3fb6e490
Event: 12.136 Thread 0x000002be53c7bc40 flushing  nmethod 0x000002be3fb6f110
Event: 12.136 Thread 0x000002be53c7bc40 flushing  nmethod 0x000002be3fc87a10
Event: 12.136 Thread 0x000002be53c7bc40 flushing  nmethod 0x000002be3fd4ad90
Event: 12.136 Thread 0x000002be53c7bc40 flushing  nmethod 0x000002be3fd7b390
Event: 12.136 Thread 0x000002be53c7bc40 flushing  nmethod 0x000002be3fd81990
Event: 12.136 Thread 0x000002be53c7bc40 flushing  nmethod 0x000002be3fdfe110
Event: 12.136 Thread 0x000002be53c7bc40 flushing  nmethod 0x000002be3fe4c990
Event: 12.136 Thread 0x000002be53c7bc40 flushing  nmethod 0x000002be3fe96d90
Event: 12.136 Thread 0x000002be53c7bc40 flushing  nmethod 0x000002be3fe98d10
Event: 12.136 Thread 0x000002be53c7bc40 flushing  nmethod 0x000002be401e1d90
Event: 12.136 Thread 0x000002be53c7bc40 flushing  nmethod 0x000002be4023f590
Event: 12.136 Thread 0x000002be53c7bc40 flushing  nmethod 0x000002be402b2190

Events (20 events):
Event: 6.555 Thread 0x000002be9ac3a6f0 Thread added: 0x000002be9dc87410
Event: 6.557 Thread 0x000002be9ac3a6f0 Thread added: 0x000002be9dc83f90
Event: 6.558 Thread 0x000002be9ac3a6f0 Thread added: 0x000002be9dc88e50
Event: 6.567 Thread 0x000002be9ac3a6f0 Thread added: 0x000002be9dc887c0
Event: 6.573 Thread 0x000002be9ac3a6f0 Thread added: 0x000002be9dc894e0
Event: 6.574 Thread 0x000002be9ac3a6f0 Thread added: 0x000002be9dc89b70
Event: 6.576 Thread 0x000002be9ac3a6f0 Thread added: 0x000002be9dc88130
Event: 6.885 Thread 0x000002be9ac3a6f0 Thread added: 0x000002be9dc8a890
Event: 6.886 Thread 0x000002be9ac3a6f0 Thread added: 0x000002be9dc8af20
Event: 6.886 Thread 0x000002be9ac3a6f0 Thread added: 0x000002be9dc87aa0
Event: 6.887 Thread 0x000002be9ac3a6f0 Thread added: 0x000002be9dc8b5b0
Event: 6.887 Thread 0x000002be9ac3a6f0 Thread added: 0x000002be9d7409c0
Event: 6.888 Thread 0x000002be9ac3a6f0 Thread added: 0x000002be9d741d70
Event: 6.888 Thread 0x000002be9ac3a6f0 Thread added: 0x000002be9d741050
Event: 8.644 Thread 0x000002be9e7fd690 Thread exited: 0x000002be9e7fd690
Event: 8.734 Thread 0x000002be53ca56d0 Thread added: 0x000002be99ab3e90
Event: 8.865 Thread 0x000002be9ac3a6f0 Thread added: 0x000002be9d7416e0
Event: 10.022 Thread 0x000002be9ac3a6f0 Thread added: 0x000002be9d73f610
Event: 11.583 Thread 0x000002be99ab3e90 Thread exited: 0x000002be99ab3e90
Event: 11.882 Thread 0x000002be53ca56d0 Thread added: 0x000002be9c18bcb0


Dynamic libraries:
0x00007ff75fb80000 - 0x00007ff75fb8e000 	C:\Program Files\Eclipse Adoptium\jdk-21.0.7.6-hotspot\bin\java.exe
0x00007ff9d7300000 - 0x00007ff9d7560000 	C:\WINDOWS\SYSTEM32\ntdll.dll
0x00007ff9d69d0000 - 0x00007ff9d6a97000 	C:\WINDOWS\System32\KERNEL32.DLL
0x00007ff9d4510000 - 0x00007ff9d48da000 	C:\WINDOWS\System32\KERNELBASE.dll
0x00007ff9d4dd0000 - 0x00007ff9d4f1b000 	C:\WINDOWS\System32\ucrtbase.dll
0x00007ff992610000 - 0x00007ff992628000 	C:\Program Files\Eclipse Adoptium\jdk-21.0.7.6-hotspot\bin\jli.dll
0x00007ff992ef0000 - 0x00007ff992f0e000 	C:\Program Files\Eclipse Adoptium\jdk-21.0.7.6-hotspot\bin\VCRUNTIME140.dll
0x00007ff9d59b0000 - 0x00007ff9d5b7c000 	C:\WINDOWS\System32\USER32.dll
0x00007ff9d44e0000 - 0x00007ff9d4507000 	C:\WINDOWS\System32\win32u.dll
0x00007ff9b9ee0000 - 0x00007ff9ba177000 	C:\WINDOWS\WinSxS\amd64_microsoft.windows.common-controls_6595b64144ccf1df_6.0.26100.3624_none_3e086962e3345f24\COMCTL32.dll
0x00007ff9d6f60000 - 0x00007ff9d6f8a000 	C:\WINDOWS\System32\GDI32.dll
0x00007ff9d6aa0000 - 0x00007ff9d6b49000 	C:\WINDOWS\System32\msvcrt.dll
0x00007ff9d4f20000 - 0x00007ff9d5051000 	C:\WINDOWS\System32\gdi32full.dll
0x00007ff9d4af0000 - 0x00007ff9d4b93000 	C:\WINDOWS\System32\msvcp_win.dll
0x00007ff9d5800000 - 0x00007ff9d582f000 	C:\WINDOWS\System32\IMM32.DLL
0x00007ff9b0d00000 - 0x00007ff9b0d0c000 	C:\Program Files\Eclipse Adoptium\jdk-21.0.7.6-hotspot\bin\vcruntime140_1.dll
0x00007ff96a270000 - 0x00007ff96a2fd000 	C:\Program Files\Eclipse Adoptium\jdk-21.0.7.6-hotspot\bin\msvcp140.dll
0x00007ff921d20000 - 0x00007ff922ab0000 	C:\Program Files\Eclipse Adoptium\jdk-21.0.7.6-hotspot\bin\server\jvm.dll
0x00007ff9d5890000 - 0x00007ff9d5942000 	C:\WINDOWS\System32\ADVAPI32.dll
0x00007ff9d68a0000 - 0x00007ff9d6946000 	C:\WINDOWS\System32\sechost.dll
0x00007ff9d6570000 - 0x00007ff9d6686000 	C:\WINDOWS\System32\RPCRT4.dll
0x00007ff9d6b50000 - 0x00007ff9d6bc4000 	C:\WINDOWS\System32\WS2_32.dll
0x00007ff9d4330000 - 0x00007ff9d438e000 	C:\WINDOWS\SYSTEM32\POWRPROF.dll
0x00007ff9c87f0000 - 0x00007ff9c8826000 	C:\WINDOWS\SYSTEM32\WINMM.dll
0x00007ff9c10d0000 - 0x00007ff9c10db000 	C:\WINDOWS\SYSTEM32\VERSION.dll
0x00007ff9d4310000 - 0x00007ff9d4324000 	C:\WINDOWS\SYSTEM32\UMPDC.dll
0x00007ff9d32f0000 - 0x00007ff9d330a000 	C:\WINDOWS\SYSTEM32\kernel.appcore.dll
0x00007ff998f30000 - 0x00007ff998f3a000 	C:\Program Files\Eclipse Adoptium\jdk-21.0.7.6-hotspot\bin\jimage.dll
0x00007ff9d15f0000 - 0x00007ff9d1831000 	C:\WINDOWS\SYSTEM32\DBGHELP.DLL
0x00007ff9d6bd0000 - 0x00007ff9d6f52000 	C:\WINDOWS\System32\combase.dll
0x00007ff9d5cd0000 - 0x00007ff9d5da6000 	C:\WINDOWS\System32\OLEAUT32.dll
0x00007ff973e10000 - 0x00007ff973e49000 	C:\WINDOWS\SYSTEM32\dbgcore.DLL
0x00007ff9d5060000 - 0x00007ff9d50f9000 	C:\WINDOWS\System32\bcryptPrimitives.dll
0x00007ff998d10000 - 0x00007ff998d1f000 	C:\Program Files\Eclipse Adoptium\jdk-21.0.7.6-hotspot\bin\instrument.dll
0x00007ff992440000 - 0x00007ff99245f000 	C:\Program Files\Eclipse Adoptium\jdk-21.0.7.6-hotspot\bin\java.dll
0x00007ff9d5db0000 - 0x00007ff9d64d9000 	C:\WINDOWS\System32\SHELL32.dll
0x00007ff9d4ba0000 - 0x00007ff9d4d08000 	C:\WINDOWS\System32\wintypes.dll
0x00007ff9d2160000 - 0x00007ff9d29b2000 	C:\WINDOWS\SYSTEM32\windows.storage.dll
0x00007ff9d6fc0000 - 0x00007ff9d70ad000 	C:\WINDOWS\System32\SHCORE.dll
0x00007ff9d6690000 - 0x00007ff9d66f4000 	C:\WINDOWS\System32\shlwapi.dll
0x00007ff9d43f0000 - 0x00007ff9d441f000 	C:\WINDOWS\SYSTEM32\profapi.dll
0x00007ff969310000 - 0x00007ff9693e7000 	C:\Program Files\Eclipse Adoptium\jdk-21.0.7.6-hotspot\bin\jsvml.dll
0x00007ff992320000 - 0x00007ff992338000 	C:\Program Files\Eclipse Adoptium\jdk-21.0.7.6-hotspot\bin\zip.dll
0x00007ff994f10000 - 0x00007ff994f20000 	C:\Program Files\Eclipse Adoptium\jdk-21.0.7.6-hotspot\bin\net.dll
0x00007ff9c2540000 - 0x00007ff9c265d000 	C:\WINDOWS\SYSTEM32\WINHTTP.dll
0x00007ff9d3810000 - 0x00007ff9d387a000 	C:\WINDOWS\system32\mswsock.dll
0x00007ff98f210000 - 0x00007ff98f226000 	C:\Program Files\Eclipse Adoptium\jdk-21.0.7.6-hotspot\bin\nio.dll
0x00007ff994bb0000 - 0x00007ff994bc0000 	C:\Program Files\Eclipse Adoptium\jdk-21.0.7.6-hotspot\bin\verify.dll
0x00007ff972fa0000 - 0x00007ff972fc7000 	C:\Users\tahir\.gradle\native\c067742578af261105cb4f569cf0c3c89f3d7b1fecec35dd04571415982c5e48\windows-amd64\native-platform.dll
0x00007ff91ecf0000 - 0x00007ff91ee34000 	C:\Users\tahir\.gradle\native\100fb08df4bc3b14c8652ba06237920a3bd2aa13389f12d3474272988ae205f9\windows-amd64\native-platform-file-events.dll
0x00007ff994b90000 - 0x00007ff994b9a000 	C:\Program Files\Eclipse Adoptium\jdk-21.0.7.6-hotspot\bin\management.dll
0x00007ff994b00000 - 0x00007ff994b0b000 	C:\Program Files\Eclipse Adoptium\jdk-21.0.7.6-hotspot\bin\management_ext.dll
0x00007ff9d5c10000 - 0x00007ff9d5c18000 	C:\WINDOWS\System32\PSAPI.DLL
0x00007ff9d3ab0000 - 0x00007ff9d3acc000 	C:\WINDOWS\SYSTEM32\CRYPTSP.dll
0x00007ff9d3250000 - 0x00007ff9d328a000 	C:\WINDOWS\system32\rsaenh.dll
0x00007ff9d38b0000 - 0x00007ff9d38db000 	C:\WINDOWS\SYSTEM32\USERENV.dll
0x00007ff9d43c0000 - 0x00007ff9d43e6000 	C:\WINDOWS\SYSTEM32\bcrypt.dll
0x00007ff9d3ad0000 - 0x00007ff9d3adc000 	C:\WINDOWS\SYSTEM32\CRYPTBASE.dll
0x00007ff9d2db0000 - 0x00007ff9d2de3000 	C:\WINDOWS\SYSTEM32\IPHLPAPI.DLL
0x00007ff9d6f90000 - 0x00007ff9d6f9a000 	C:\WINDOWS\System32\NSI.dll
0x00007ff994790000 - 0x00007ff994799000 	C:\Program Files\Eclipse Adoptium\jdk-21.0.7.6-hotspot\bin\extnet.dll
0x00007ff992b40000 - 0x00007ff992b4e000 	C:\Program Files\Eclipse Adoptium\jdk-21.0.7.6-hotspot\bin\sunmscapi.dll
0x00007ff9d4970000 - 0x00007ff9d4ae7000 	C:\WINDOWS\System32\CRYPT32.dll
0x00007ff9d3cb0000 - 0x00007ff9d3ce0000 	C:\WINDOWS\SYSTEM32\ncrypt.dll
0x00007ff9d3c60000 - 0x00007ff9d3c9f000 	C:\WINDOWS\SYSTEM32\NTASN1.dll
0x00007ff9c2010000 - 0x00007ff9c2018000 	C:\WINDOWS\system32\wshunix.dll

dbghelp: loaded successfully - version: 4.0.5 - missing functions: none
symbol engine: initialized successfully - sym options: 0x614 - pdb path: .;C:\Program Files\Eclipse Adoptium\jdk-21.0.7.6-hotspot\bin;C:\WINDOWS\SYSTEM32;C:\WINDOWS\WinSxS\amd64_microsoft.windows.common-controls_6595b64144ccf1df_6.0.26100.3624_none_3e086962e3345f24;C:\Program Files\Eclipse Adoptium\jdk-21.0.7.6-hotspot\bin\server;C:\Users\tahir\.gradle\native\c067742578af261105cb4f569cf0c3c89f3d7b1fecec35dd04571415982c5e48\windows-amd64;C:\Users\tahir\.gradle\native\100fb08df4bc3b14c8652ba06237920a3bd2aa13389f12d3474272988ae205f9\windows-amd64

VM Arguments:
jvm_args: --add-opens=java.base/java.lang=ALL-UNNAMED --add-opens=java.base/java.lang.invoke=ALL-UNNAMED --add-opens=java.base/java.util=ALL-UNNAMED --add-opens=java.prefs/java.util.prefs=ALL-UNNAMED --add-exports=jdk.compiler/com.sun.tools.javac.api=ALL-UNNAMED --add-exports=jdk.compiler/com.sun.tools.javac.util=ALL-UNNAMED --add-opens=java.base/java.util=ALL-UNNAMED --add-opens=java.prefs/java.util.prefs=ALL-UNNAMED --add-opens=java.base/java.nio.charset=ALL-UNNAMED --add-opens=java.base/java.net=ALL-UNNAMED --add-opens=java.base/java.util.concurrent.atomic=ALL-UNNAMED --add-opens=java.xml/javax.xml.namespace=ALL-UNNAMED -Xmx2048m -Dfile.encoding=UTF-8 -Duser.country=PL -Duser.language=pl -Duser.variant -javaagent:C:\Users\tahir\.gradle\wrapper\dists\gradle-8.11.1-bin\bpt9gzteqjrbo1mjrsomdt32c\gradle-8.11.1\lib\agents\gradle-instrumentation-agent-8.11.1.jar 
java_command: org.gradle.launcher.daemon.bootstrap.GradleDaemon 8.11.1
java_class_path (initial): C:\Users\tahir\.gradle\wrapper\dists\gradle-8.11.1-bin\bpt9gzteqjrbo1mjrsomdt32c\gradle-8.11.1\lib\gradle-daemon-main-8.11.1.jar
Launcher Type: SUN_STANDARD

[Global flags]
     intx CICompilerCount                          = 4                                         {product} {ergonomic}
     uint ConcGCThreads                            = 2                                         {product} {ergonomic}
     uint G1ConcRefinementThreads                  = 8                                         {product} {ergonomic}
   size_t G1HeapRegionSize                         = 1048576                                   {product} {ergonomic}
    uintx GCDrainStackTargetSize                   = 64                                        {product} {ergonomic}
   size_t InitialHeapSize                          = 132120576                                 {product} {ergonomic}
   size_t MarkStackSize                            = 4194304                                   {product} {ergonomic}
   size_t MaxHeapSize                              = 2147483648                                {product} {command line}
   size_t MaxNewSize                               = 1287651328                                {product} {ergonomic}
   size_t MinHeapDeltaBytes                        = 1048576                                   {product} {ergonomic}
   size_t MinHeapSize                              = 8388608                                   {product} {ergonomic}
    uintx NonNMethodCodeHeapSize                   = 5839372                                {pd product} {ergonomic}
    uintx NonProfiledCodeHeapSize                  = 122909434                              {pd product} {ergonomic}
    uintx ProfiledCodeHeapSize                     = 122909434                              {pd product} {ergonomic}
    uintx ReservedCodeCacheSize                    = 251658240                              {pd product} {ergonomic}
     bool SegmentedCodeCache                       = true                                      {product} {ergonomic}
   size_t SoftMaxHeapSize                          = 2147483648                             {manageable} {ergonomic}
     bool UseCompressedOops                        = true                           {product lp64_product} {ergonomic}
     bool UseG1GC                                  = true                                      {product} {ergonomic}
     bool UseLargePagesIndividualAllocation        = false                                  {pd product} {ergonomic}

Logging:
Log output configuration:
 #0: stdout all=warning uptime,level,tags foldmultilines=false
 #1: stderr all=off uptime,level,tags foldmultilines=false

Environment Variables:
PATH=c:\Users\tahir\AppData\Local\Programs\cursor\resources\app\bin;C:\Python313\Scripts\;C:\Python313\;C:\Program Files\Eclipse Adoptium\jdk-21.0.7.6-hotspot\bin;C:\Program Files (x86)\NVIDIA Corporation\PhysX\Common;C:\WINDOWS\system32;C:\WINDOWS;C:\WINDOWS\System32\Wbem;C:\WINDOWS\System32\WindowsPowerShell\v1.0\;C:\WINDOWS\System32\OpenSSH\;C:\WINDOWS\system32;C:\WINDOWS;C:\WINDOWS\System32\Wbem;C:\WINDOWS\System32\WindowsPowerShell\v1.0\;C:\WINDOWS\System32\OpenSSH\;C:\Program Files\dotnet\;C:\ProgramData\chocolatey\bin;C:\Program Files\Git\cmd;C:\Program Files\nodejs\;C:\Users\tahir\AppData\Local\Microsoft\WindowsApps;C:\Users\tahir\AppData\Local\Programs\cursor\resources\app\bin;C:\Users\tahir\AppData\Roaming\npm;c:\Users\tahir\AppData\Local\Programs\cursor\resources\app\bin;C:\Users\tahir\AppData\Local\Microsoft\WindowsApps;C:\Users\tahir\AppData\Local\Programs\cursor\resources\app\bin;C:\Users\tahir\AppData\Local\Programs\Microsoft VS Code\bin;C:\Users\tahir\AppData\Roaming\npm
USERNAME=tahir
OS=Windows_NT
PROCESSOR_IDENTIFIER=Intel64 Family 6 Model 140 Stepping 1, GenuineIntel
TMP=C:\Users\tahir\AppData\Local\Temp
TEMP=C:\Users\tahir\AppData\Local\Temp




Periodic native trim disabled

---------------  S Y S T E M  ---------------

OS:
 Windows 11 , 64 bit Build 26100 (10.0.26100.3775)
OS uptime: 0 days 4:05 hours
Hyper-V role detected

CPU: total 8 (initial active 8) (4 cores per cpu, 2 threads per core) family 6 model 140 stepping 1 microcode 0x86, cx8, cmov, fxsr, ht, mmx, 3dnowpref, sse, sse2, sse3, ssse3, sse4.1, sse4.2, popcnt, lzcnt, tsc, tscinvbit, avx, avx2, aes, erms, clmul, bmi1, bmi2, adx, avx512f, avx512dq, avx512cd, avx512bw, avx512vl, sha, fma, vzeroupper, avx512_vpopcntdq, avx512_vpclmulqdq, avx512_vaes, avx512_vnni, clflush, clflushopt, clwb, avx512_vbmi2, avx512_vbmi, hv, rdtscp, rdpid, fsrm, gfni, avx512_bitalg, f16c, cet_ibt, cet_ss, avx512_ifma
Processor Information for the first 8 processors :
  Max Mhz: 2419, Current Mhz: 2419, Mhz Limit: 2419

Memory: 4k page, system-wide physical 7987M (620M free)
TotalPageFile size 16179M (AvailPageFile size 5M)
current process WorkingSet (physical memory assigned to process): 419M, peak: 419M
current process commit charge ("private bytes"): 460M, peak: 461M

vm_info: OpenJDK 64-Bit Server VM (21.0.7+6-LTS) for windows-amd64 JRE (21.0.7+6-LTS), built on 2025-04-15T00:00:00Z by "admin" with MS VC++ 17.7 (VS2022)

END.
